2025-09-18 09:43:53,882 - INFO - Iniciando processamento do diretório: C:/Users/alessandro.melo/OneDrive - Stefanini/Ailos/IB/Testes/Test/12-09-2025_4.1.267/1002316 - [INC0367451] - Pix - Agendamentos iguais estão sendo permitidos no Conta Online
2025-09-18 09:43:53,908 - INFO - Template carregado: C:/Users/alessandro.melo/Downloads/EVIDENCIAS - PROJETO AILOS - MODELO.docx
2025-09-18 09:43:53,909 - INFO - Pasta processada: Pix Copia e Cola - 9 imagens
2025-09-18 09:43:53,910 - INFO - Pasta processada: Pix por Chaves - 8 imagens
2025-09-18 09:43:53,910 - INFO - Pasta processada: Pix por Dados Bancarios - 10 imagens
2025-09-18 09:43:53,943 - INFO - Imagem inserida: 01.jpg
2025-09-18 09:43:53,947 - INFO - Imagem inserida: 02.jpg
2025-09-18 09:43:53,950 - INFO - Imagem inserida: 03.jpg
2025-09-18 09:43:53,955 - INFO - Imagem inserida: 04.jpg
2025-09-18 09:43:53,960 - INFO - Imagem inserida: 05.jpg
2025-09-18 09:43:53,963 - INFO - Imagem inserida: 06.jpg
2025-09-18 09:43:53,969 - INFO - Imagem inserida: 07.jpg
2025-09-18 09:43:53,973 - INFO - Imagem inserida: 08.jpg
2025-09-18 09:43:53,977 - INFO - Imagem inserida: 09.jpg
2025-09-18 09:43:53,983 - INFO - Imagem inserida: 01.jpg
2025-09-18 09:43:53,989 - INFO - Imagem inserida: 02.jpg
2025-09-18 09:43:53,994 - INFO - Imagem inserida: 03.jpg
2025-09-18 09:43:54,000 - INFO - Imagem inserida: 04.jpg
2025-09-18 09:43:54,010 - INFO - Imagem inserida: 05.jpg
2025-09-18 09:43:54,016 - INFO - Imagem inserida: 06.jpg
2025-09-18 09:43:54,022 - INFO - Imagem inserida: 07.jpg
2025-09-18 09:43:54,030 - INFO - Imagem inserida: 08.jpg
2025-09-18 09:43:54,038 - INFO - Imagem inserida: 01.jpg
2025-09-18 09:43:54,046 - INFO - Imagem inserida: 02.jpg
2025-09-18 09:43:54,054 - INFO - Imagem inserida: 03.jpg
2025-09-18 09:43:54,062 - INFO - Imagem inserida: 04.jpg
2025-09-18 09:43:54,070 - INFO - Imagem inserida: 05.jpg
2025-09-18 09:43:54,077 - INFO - Imagem inserida: 06.jpg
2025-09-18 09:43:54,087 - INFO - Imagem inserida: 07.jpg
2025-09-18 09:43:54,098 - INFO - Imagem inserida: 09.jpg
2025-09-18 09:43:54,110 - INFO - Imagem inserida: 10.jpg
2025-09-18 09:43:54,124 - INFO - Imagem inserida: 11.jpg
2025-09-18 09:43:54,319 - INFO - Documento salvo: C:/Users/alessandro.melo/Downloads/teste de doc.docx
2025-09-18 09:44:01,977 - INFO - PDF gerado: C:/Users/alessandro.melo/Downloads/teste de doc.pdf
2025-09-18 09:50:39,961 - INFO - Iniciando processamento do diretório: C:/Users/alessandro.melo/OneDrive - Stefanini/Ailos/IB/Testes/Qa/11-09-2025_2.1.416
2025-09-18 09:50:39,981 - INFO - Template carregado: C:/Users/alessandro.melo/Downloads/EVIDENCIAS - PROJETO AILOS - MODELO.docx
2025-09-18 09:50:39,982 - INFO - Pasta processada: 1231033 [Front-end] - Ajuste nos detalhes de uma contestação cancelada - 1 imagens
2025-09-18 09:50:40,011 - INFO - Imagem inserida: 01-QA_PSCECATPZ-4028.jpg
2025-09-18 09:50:40,047 - INFO - Documento salvo: C:/Users/alessandro.melo/Downloads/teste de doc2.docx
2025-09-18 09:52:26,196 - INFO - Iniciando processamento do diretório: C:/Users/alessandro.melo/OneDrive - Stefanini/Ailos/IB/Testes/Qa/11-09-2025_2.1.416
2025-09-18 09:52:26,218 - INFO - Template carregado: C:/Users/alessandro.melo/Downloads/EVIDENCIAS - PROJETO AILOS - MODELO.docx
2025-09-18 09:52:26,219 - INFO - Pasta processada: 1231033 [Front-end] - Ajuste nos detalhes de uma contestação cancelada - 1 imagens
2025-09-18 09:52:26,223 - INFO - Imagem inserida: 01-QA_PSCECATPZ-4028.jpg
2025-09-18 09:52:26,271 - INFO - Documento salvo: C:/Users/alessandro.melo/Downloads/teste de doc3.docx
2025-09-18 09:57:56,008 - INFO - Iniciando processamento do diretório: C:/Users/alessandro.melo/OneDrive - Stefanini/Ailos/IB/Testes/Qa/11-09-2025_2.1.416
2025-09-18 09:57:56,026 - INFO - Template carregado: C:/Users/alessandro.melo/Downloads/EVIDENCIAS - PROJETO AILOS - MODELO.docx
2025-09-18 09:57:56,027 - INFO - Pasta processada: Evidências (nível 0) - 0 imagens
2025-09-18 09:57:56,027 - INFO - Pasta processada: 1226491 - Homologação Ambiente QA (Pix Contestação) (nível 1) - 0 imagens
2025-09-18 09:57:56,028 - INFO - Pasta processada: 1231033 [Front-end] - Ajuste nos detalhes de uma contestação cancelada (nível 2) - 1 imagens
2025-09-18 09:57:56,028 - ERROR - Erro no processamento: 'Paragraph' object has no attribute 'insert_paragraph_after'
2025-09-18 10:00:33,763 - INFO - Iniciando processamento do diretório: C:/Users/alessandro.melo/OneDrive - Stefanini/Ailos/IB/Testes/Qa/11-09-2025_2.1.416
2025-09-18 10:00:33,783 - INFO - Template carregado: C:/Users/alessandro.melo/Downloads/EVIDENCIAS - PROJETO AILOS - MODELO.docx
2025-09-18 10:00:33,784 - INFO - Pasta processada: Evidências (nível 0) - 0 imagens
2025-09-18 10:00:33,785 - INFO - Pasta processada: 1226491 - Homologação Ambiente QA (Pix Contestação) (nível 1) - 0 imagens
2025-09-18 10:00:33,786 - INFO - Pasta processada: 1231033 [Front-end] - Ajuste nos detalhes de uma contestação cancelada (nível 2) - 1 imagens
2025-09-18 10:00:33,814 - INFO - Imagem inserida: 01-QA_PSCECATPZ-4028.jpg
2025-09-18 10:00:33,852 - INFO - Documento salvo: C:/Users/alessandro.melo/Downloads/teste de doc4.docx
2025-09-18 10:03:13,933 - INFO - Iniciando processamento do diretório: C:/Users/alessandro.melo/OneDrive - Stefanini/Ailos/IB/Testes/Qa/11-09-2025_2.1.416
2025-09-18 10:03:13,954 - INFO - Template carregado: C:/Users/alessandro.melo/Downloads/EVIDENCIAS - PROJETO AILOS - MODELO.docx
2025-09-18 10:03:13,955 - INFO - Pasta processada: Evidências (nível 0) - 0 imagens
2025-09-18 10:03:13,956 - INFO - Pasta processada: 1226491 - Homologação Ambiente QA (Pix Contestação) (nível 1) - 0 imagens
2025-09-18 10:03:13,956 - INFO - Pasta processada: 1231033 [Front-end] - Ajuste nos detalhes de uma contestação cancelada (nível 2) - 1 imagens
2025-09-18 10:03:13,990 - INFO - Imagem inserida: 01-QA_PSCECATPZ-4028.jpg
2025-09-18 10:03:14,028 - INFO - Documento salvo: C:/Users/alessandro.melo/Downloads/teste de doc5.docx
2025-09-18 10:06:37,382 - INFO - Iniciando processamento do diretório: C:/Users/alessandro.melo/OneDrive - Stefanini/Ailos/IB/Testes/Qa/11-09-2025_2.1.416
2025-09-18 10:06:37,402 - INFO - Template carregado: C:/Users/alessandro.melo/Downloads/EVIDENCIAS - PROJETO AILOS - MODELO - BRANCO.docx
2025-09-18 10:06:37,403 - INFO - Pasta processada: Evidências (nível 0) - 0 imagens
2025-09-18 10:06:37,404 - INFO - Pasta processada: 1226491 - Homologação Ambiente QA (Pix Contestação) (nível 1) - 0 imagens
2025-09-18 10:06:37,405 - INFO - Pasta processada: 1231033 [Front-end] - Ajuste nos detalhes de uma contestação cancelada (nível 2) - 1 imagens
2025-09-18 10:06:37,438 - INFO - Imagem inserida: 01-QA_PSCECATPZ-4028.jpg
2025-09-18 10:06:37,472 - INFO - Documento salvo: C:/Users/alessandro.melo/Downloads/teste de doc6.docx
2025-09-18 10:08:01,497 - INFO - Iniciando processamento do diretório: C:/Users/alessandro.melo/OneDrive - Stefanini/Ailos/IB/Testes/Qa/08-09-2025_2.1.414
2025-09-18 10:08:01,563 - INFO - Template carregado: C:/Users/alessandro.melo/Downloads/EVIDENCIAS - PROJETO AILOS - MODELO - BRANCO.docx
2025-09-18 10:08:01,572 - INFO - Pasta processada: Evidências (nível 0) - 0 imagens
2025-09-18 10:08:01,577 - INFO - Pasta processada: 1176549 - [PRJ0025406]4. [Conta Online] Adicionar o icone Check e Calendar o clock Nos comprovantes PDF Agendamento e Pagamento (nível 1) - 4 imagens
2025-09-18 10:08:01,586 - INFO - Pasta processada: 1180406 - PRJ0025328 Bolepix - Aprensentar Bolepix no menu Cobrança Bancária (nível 1) - 5 imagens
2025-09-18 10:08:01,592 - INFO - Pasta processada: 1180523 - PRJ0025328 Bolepix - Adesão ao Bolepix com chave aleatória existente (nível 1) - 6 imagens
2025-09-18 10:08:01,598 - INFO - Pasta processada: 1180538 - PRJ0025328 Bolepix - Adesão ao Bolepix com nova chave (nível 1) - 3 imagens
2025-09-18 10:08:01,613 - INFO - Pasta processada: 1180656 - PRJ0025328 Bolepix - Incluir o indicador do bolepix (nível 1) - 2 imagens
2025-09-18 10:08:01,652 - INFO - Pasta processada: 1189675 - [PRJ0025512] [Conta Online] Alterar nomenclaturas dentro do menu 'reportar fraude' do Pix no Conta Online (nível 1) - 6 imagens
2025-09-18 10:08:01,714 - INFO - Pasta processada: 1189681 - [PRJ0025512] [Conta Online] Alterar tela de listagem de transações para contestação de Pix no Conta Online (nível 1) - 9 imagens
2025-09-18 10:08:01,738 - INFO - Pasta processada: 1189750 - [PRJ0025512] [Conta Online] Alterar tela inicial do menu 'contestar Pix' do Pix no Conta Online (nível 1) - 4 imagens
2025-09-18 10:08:01,739 - INFO - Pasta processada: 1189758 - [PRJ0025512] [Conta Online] Criar pop-up de onboarding na tela inicial do menu 'contestar Pix do Pix no Conta Online (nível 1) - 2 imagens
2025-09-18 10:08:01,740 - INFO - Pasta processada: 1189762 - [PRJ0025512] [Conta Online] Alterar tela de motivos para contestação de Pix no Conta Online (nível 1) - 0 imagens
2025-09-18 10:08:01,741 - INFO - Pasta processada: Pix Automatico (nível 2) - 9 imagens
2025-09-18 10:08:01,742 - INFO - Pasta processada: Pix Normal (nível 2) - 11 imagens
2025-09-18 10:08:01,743 - INFO - Pasta processada: 1189792 - [PRJ0025512] [Conta Online] Alterar limite mínimo e máximo de caracteres do campo 'descrição' ao contestar um Pix no Conta Online (nível 1) - 3 imagens
2025-09-18 10:08:01,744 - INFO - Pasta processada: 1189816 - [PRJ0025512] [Conta Online] Alterar tela 'próximos passos' na contestação de Pix no Conta Online (nível 1) - 1 imagens
2025-09-18 10:08:01,745 - INFO - Pasta processada: 1189828 [PRJ0025512] [Conta Online] Alterar mensagem de sucesso e erro ao contestar um Pix NORMAL no Conta Online (nível 1) - 6 imagens
2025-09-18 10:08:01,746 - INFO - Pasta processada: 1189835 [PRJ0025512] [Conta Online] Criar mensagem de sucesso e erro ao contestar um Pix AUTOMÁTICO no Conta Online (nível 1) - 7 imagens
2025-09-18 10:08:01,747 - INFO - Pasta processada: 1189866 [PRJ0025512] [Conta Online] Alterar tela de detalhes de uma contestação de Pix no Conta Online (nível 1) - 1 imagens
2025-09-18 10:08:01,748 - INFO - Pasta processada: 1189887 - [PRJ0025512] [Conta Online] Alterar tela de detalhes de uma contestação com status 'ACEITA' de Pix no Conta Online (nível 1) - 3 imagens
2025-09-18 10:08:01,749 - INFO - Pasta processada: 1189892 - [PRJ0025512] [Conta Online] Alterar nomenclatura dos status de contestação Pix no Conta Online (nível 1) - 4 imagens
2025-09-18 10:08:01,750 - INFO - Pasta processada: 1191872 - [PRJ0025328] [Conta Online] Nova mensagem de alerta ao cancelar chave Pix aleatória (nível 1) - 4 imagens
2025-09-18 10:08:01,752 - INFO - Pasta processada: 1193673 - [PRJ0025512] [Conta Online] Criar tela de detalhes de uma transação do tipo 'Pix Automático' para contestação no Conta Online (nível 1) - 2 imagens
2025-09-18 10:08:01,753 - INFO - Pasta processada: 1194683 - [PRJ0025512] [Conta Online] Criar botão de atalho para menu 'Contestar Pix' no menu 'Serviço de Atendimento Pix' (nível 1) - 3 imagens
2025-09-18 10:08:01,753 - INFO - Pasta processada: 1195329 - PRJ0025328 Bolepix - Ajustes solicitados no protótipo e que aparecem no front da Conta Online (nível 1) - 1 imagens
2025-09-18 10:08:01,754 - INFO - Pasta processada: 1197627 INC0415273  Análise Extrato OFX Corrompido (nível 1) - 4 imagens
2025-09-18 10:08:01,755 - INFO - Pasta processada: 1200357 - [PRJ0025328] BOLEPIX [Crédito] - Inclusão mensagem cancelamento QR Code Descto de Título - Conta Online (nível 1) - 10 imagens
2025-09-18 10:08:01,756 - INFO - Pasta processada: 1203376 - Efetuar Ajuste em Front IB para empréstimo Aimaro (nível 1) - 6 imagens
2025-09-18 10:08:01,757 - INFO - Pasta processada: 1213647 - [PRJ0025512] [Conta Online] Ao criar uma contestação de Pix enviar o código do motivo no Conta Online (nível 1) - 5 imagens
2025-09-18 10:08:01,759 - INFO - Pasta processada: 1213967 [PRJ0025328] - Bolepix - Acrescentar campo de Bolepix, na visualização dos detalhes do boleto boleto (nível 1) - 2 imagens
2025-09-18 10:08:01,759 - INFO - Pasta processada: 1214415 - PRJ0025328 Bolepix - Aprensentar BolePix no menu Cobrança Bancária (nível 1) - 8 imagens
2025-09-18 10:08:01,761 - INFO - Pasta processada: 1222992 - [PRJ0025512] [Conta Online] Incluir filtro SITUAÇÃO na tela de listagem de contestações de Pix no Conta Online (nível 1) - 4 imagens
2025-09-18 10:08:01,761 - INFO - Pasta processada: 1226112 Validação ícones do comprovante - Conta Online (nível 1) - 4 imagens
2025-09-18 10:08:01,771 - INFO - Imagem inserida: 01-agendamento.jpg
2025-09-18 10:08:01,780 - INFO - Imagem inserida: 02-agendamento.jpg
2025-09-18 10:08:01,787 - INFO - Imagem inserida: 03-pix-imediato.jpg
2025-09-18 10:08:01,794 - INFO - Imagem inserida: 04-pix-imediato.jpg
2025-09-18 10:08:01,803 - INFO - Imagem inserida: 01-botao lembre-me mais tarde.jpg
2025-09-18 10:08:01,812 - INFO - Imagem inserida: 02-botao lembre-me mais tarde.jpg
2025-09-18 10:08:01,819 - INFO - Imagem inserida: 03-botao nao mostrar novamente.jpg
2025-09-18 10:08:01,829 - INFO - Imagem inserida: 04-operador sem permissão.jpg
2025-09-18 10:08:01,837 - INFO - Imagem inserida: 05-operador sem permissão.jpg
2025-09-18 10:08:01,847 - INFO - Imagem inserida: 01.jpg
2025-09-18 10:08:01,855 - INFO - Imagem inserida: 02.jpg
2025-09-18 10:08:01,868 - INFO - Imagem inserida: 03.jpg
2025-09-18 10:08:01,877 - INFO - Imagem inserida: 04.jpg
2025-09-18 10:08:01,888 - INFO - Imagem inserida: 05.jpg
2025-09-18 10:08:01,899 - INFO - Imagem inserida: 06.jpg
2025-09-18 10:08:01,915 - INFO - Imagem inserida: 01.jpg
2025-09-18 10:08:01,928 - INFO - Imagem inserida: 02.jpg
2025-09-18 10:08:01,941 - INFO - Imagem inserida: 03.jpg
2025-09-18 10:08:01,957 - INFO - Imagem inserida: 01.jpg
2025-09-18 10:08:01,971 - INFO - Imagem inserida: 02.jpg
2025-09-18 10:08:01,988 - INFO - Imagem inserida: 01.jpg
2025-09-18 10:08:02,002 - INFO - Imagem inserida: 02.jpg
2025-09-18 10:08:02,022 - INFO - Imagem inserida: 03.jpg
2025-09-18 10:08:02,056 - INFO - Imagem inserida: 04.jpg
2025-09-18 10:08:02,067 - INFO - Imagem inserida: 05.jpg
2025-09-18 10:08:02,084 - INFO - Imagem inserida: 06.jpg
2025-09-18 10:08:02,106 - INFO - Imagem inserida: 01-listagem.jpg
2025-09-18 10:08:02,124 - INFO - Imagem inserida: 02-listagem.jpg
2025-09-18 10:08:02,142 - INFO - Imagem inserida: 03-filtro avancado.jpg
2025-09-18 10:08:02,159 - INFO - Imagem inserida: 04-filtro avancado.jpg
2025-09-18 10:08:02,180 - INFO - Imagem inserida: 05-filtro avancado.jpg
2025-09-18 10:08:02,217 - INFO - Imagem inserida: 06-filtro avancado.jpg
2025-09-18 10:08:02,253 - INFO - Imagem inserida: 07-filtro avancado.jpg
2025-09-18 10:08:02,285 - INFO - Imagem inserida: 08-filtro avancado.jpg
2025-09-18 10:08:02,346 - INFO - Imagem inserida: 09-filtro avancado.jpg
2025-09-18 10:08:02,420 - INFO - Imagem inserida: 01.jpg
2025-09-18 10:08:02,439 - INFO - Imagem inserida: 02.jpg
2025-09-18 10:08:02,501 - INFO - Imagem inserida: 03.jpg
2025-09-18 10:08:02,578 - INFO - Imagem inserida: 04.jpg
2025-09-18 10:08:02,681 - INFO - Imagem inserida: 01.jpg
2025-09-18 10:08:02,764 - INFO - Imagem inserida: 02.jpg
2025-09-18 10:08:02,803 - INFO - Imagem inserida: 01.jpg
2025-09-18 10:08:02,826 - INFO - Imagem inserida: 02.jpg
2025-09-18 10:08:02,852 - INFO - Imagem inserida: 03.jpg
2025-09-18 10:08:02,914 - INFO - Imagem inserida: 04.jpg
2025-09-18 10:08:03,003 - INFO - Imagem inserida: 05.jpg
2025-09-18 10:08:03,075 - INFO - Imagem inserida: 06.jpg
2025-09-18 10:08:03,152 - INFO - Imagem inserida: 07.jpg
2025-09-18 10:08:03,245 - INFO - Imagem inserida: 08.jpg
2025-09-18 10:08:03,276 - INFO - Imagem inserida: 09.jpg
2025-09-18 10:08:03,301 - INFO - Imagem inserida: 01.jpg
2025-09-18 10:08:03,325 - INFO - Imagem inserida: 02.jpg
2025-09-18 10:08:03,376 - INFO - Imagem inserida: 03.jpg
2025-09-18 10:08:03,441 - INFO - Imagem inserida: 04.jpg
2025-09-18 10:08:03,548 - INFO - Imagem inserida: 05.jpg
2025-09-18 10:08:03,625 - INFO - Imagem inserida: 06.jpg
2025-09-18 10:08:03,714 - INFO - Imagem inserida: 07.jpg
2025-09-18 10:08:03,737 - INFO - Imagem inserida: 08.jpg
2025-09-18 10:08:03,844 - INFO - Imagem inserida: 09.jpg
2025-09-18 10:08:04,118 - INFO - Imagem inserida: 10.jpg
2025-09-18 10:08:04,187 - INFO - Imagem inserida: 11.jpg
2025-09-18 10:08:04,241 - INFO - Imagem inserida: 01.jpg
2025-09-18 10:08:04,306 - INFO - Imagem inserida: 02.jpg
2025-09-18 10:08:04,332 - INFO - Imagem inserida: 03.jpg
2025-09-18 10:08:04,368 - INFO - Imagem inserida: 01-QA_PSCECATPZ-3949.jpg
2025-09-18 10:08:04,420 - INFO - Imagem inserida: 01.jpg
2025-09-18 10:08:04,459 - INFO - Imagem inserida: 02.jpg
2025-09-18 10:08:04,499 - INFO - Imagem inserida: 03.jpg
2025-09-18 10:08:04,530 - INFO - Imagem inserida: 04.jpg
2025-09-18 10:08:04,556 - INFO - Imagem inserida: 05.jpg
2025-09-18 10:08:04,585 - INFO - Imagem inserida: 06-erro.jpg
2025-09-18 10:08:04,645 - INFO - Imagem inserida: 01.jpg
2025-09-18 10:08:04,672 - INFO - Imagem inserida: 02.jpg
2025-09-18 10:08:04,698 - INFO - Imagem inserida: 03.jpg
2025-09-18 10:08:04,725 - INFO - Imagem inserida: 04.jpg
2025-09-18 10:08:04,755 - INFO - Imagem inserida: 05.jpg
2025-09-18 10:08:04,785 - INFO - Imagem inserida: 06.jpg
2025-09-18 10:08:04,813 - INFO - Imagem inserida: 07.jpg
2025-09-18 10:08:04,842 - INFO - Imagem inserida: 01-QA_PSCECATPZ-3954.jpg
2025-09-18 10:08:04,878 - INFO - Imagem inserida: 01.jpg
2025-09-18 10:08:04,914 - INFO - Imagem inserida: 02.jpg
2025-09-18 10:08:04,946 - INFO - Imagem inserida: 03.jpg
2025-09-18 10:08:04,982 - INFO - Imagem inserida: 01.jpg
2025-09-18 10:08:05,020 - INFO - Imagem inserida: 02.jpg
2025-09-18 10:08:05,056 - INFO - Imagem inserida: 03.jpg
2025-09-18 10:08:05,089 - INFO - Imagem inserida: 04.jpg
2025-09-18 10:08:05,127 - INFO - Imagem inserida: 01.jpg
2025-09-18 10:08:05,161 - INFO - Imagem inserida: 02.jpg
2025-09-18 10:08:05,188 - INFO - Imagem inserida: 03.jpg
2025-09-18 10:08:05,230 - INFO - Imagem inserida: 04.jpg
2025-09-18 10:08:05,262 - INFO - Imagem inserida: 01.jpg
2025-09-18 10:08:05,289 - INFO - Imagem inserida: 02.jpg
2025-09-18 10:08:05,331 - INFO - Imagem inserida: 01.jpg
2025-09-18 10:08:05,368 - INFO - Imagem inserida: 02.jpg
2025-09-18 10:08:05,404 - INFO - Imagem inserida: 03.jpg
2025-09-18 10:08:05,440 - INFO - Imagem inserida: 01-QA_PSCECATPZ-3822.jpg
2025-09-18 10:08:05,473 - INFO - Imagem inserida: 01.jpg
2025-09-18 10:08:05,503 - INFO - Imagem inserida: 02.jpg
2025-09-18 10:08:05,533 - INFO - Imagem inserida: 03.jpg
2025-09-18 10:08:05,566 - INFO - Imagem inserida: 04.jpg
2025-09-18 10:08:05,602 - INFO - Imagem inserida: 01.jpg
2025-09-18 10:08:05,641 - INFO - Imagem inserida: 02.jpg
2025-09-18 10:08:05,678 - INFO - Imagem inserida: 03.jpg
2025-09-18 10:08:05,713 - INFO - Imagem inserida: 04.jpg
2025-09-18 10:08:05,751 - INFO - Imagem inserida: 05.jpg
2025-09-18 10:08:05,789 - INFO - Imagem inserida: 06.jpg
2025-09-18 10:08:05,821 - INFO - Imagem inserida: 07.jpg
2025-09-18 10:08:05,859 - INFO - Imagem inserida: 08.jpg
2025-09-18 10:08:05,897 - INFO - Imagem inserida: 09.jpg
2025-09-18 10:08:05,931 - INFO - Imagem inserida: 10.jpg
2025-09-18 10:08:05,979 - INFO - Imagem inserida: 01.jpg
2025-09-18 10:08:06,020 - INFO - Imagem inserida: 02.jpg
2025-09-18 10:08:06,057 - INFO - Imagem inserida: 03.jpg
2025-09-18 10:08:06,093 - INFO - Imagem inserida: 04.jpg
2025-09-18 10:08:06,136 - INFO - Imagem inserida: 05.jpg
2025-09-18 10:08:06,180 - INFO - Imagem inserida: 06.jpg
2025-09-18 10:08:06,226 - INFO - Imagem inserida: 01.jpg
2025-09-18 10:08:06,264 - INFO - Imagem inserida: 02.jpg
2025-09-18 10:08:06,311 - INFO - Imagem inserida: 03.jpg
2025-09-18 10:08:06,358 - INFO - Imagem inserida: 04.jpg
2025-09-18 10:08:06,404 - INFO - Imagem inserida: 05.jpg
2025-09-18 10:08:06,452 - INFO - Imagem inserida: 01.jpg
2025-09-18 10:08:06,501 - INFO - Imagem inserida: 02.jpg
2025-09-18 10:08:06,546 - INFO - Imagem inserida: 01-introducao.jpg
2025-09-18 10:08:06,595 - INFO - Imagem inserida: 02-introducao.jpg
2025-09-18 10:08:06,638 - INFO - Imagem inserida: 03-introducao.jpg
2025-09-18 10:08:06,695 - INFO - Imagem inserida: 04-adesao.jpg
2025-09-18 10:08:06,748 - INFO - Imagem inserida: 05-adesao.jpg
2025-09-18 10:08:06,803 - INFO - Imagem inserida: 06-Enviar boleto pelos correios.jpg
2025-09-18 10:08:06,854 - INFO - Imagem inserida: 07-Enviar boleto pelos correios.jpg
2025-09-18 10:08:06,908 - INFO - Imagem inserida: 08-Enviar boleto pelos correios.jpg
2025-09-18 10:08:06,959 - INFO - Imagem inserida: 01.jpg
2025-09-18 10:08:06,999 - INFO - Imagem inserida: 02.jpg
2025-09-18 10:08:07,037 - INFO - Imagem inserida: 03.jpg
2025-09-18 10:08:07,079 - INFO - Imagem inserida: 04.jpg
2025-09-18 10:08:07,138 - INFO - Imagem inserida: 01.jpg
2025-09-18 10:08:07,183 - INFO - Imagem inserida: 02.jpg
2025-09-18 10:08:07,230 - INFO - Imagem inserida: 03.jpg
2025-09-18 10:08:07,308 - INFO - Imagem inserida: 04.jpg
2025-09-18 10:08:08,690 - INFO - Documento salvo: C:/Users/alessandro.melo/Downloads/teste de doc7.docx
2025-09-18 10:14:10,616 - INFO - Iniciando processamento do diretório: C:/Users/alessandro.melo/OneDrive - Stefanini/Ailos/IB/Testes/Qa/11-09-2025_2.1.416
2025-09-18 10:14:10,636 - INFO - Template carregado: C:/Users/alessandro.melo/Downloads/EVIDENCIAS - PROJETO AILOS - MODELO.docx
2025-09-18 10:14:10,637 - INFO - Pasta processada: Evidências (nível 0) - 0 imagens
2025-09-18 10:14:10,637 - INFO - Pasta processada: 1226491 - Homologação Ambiente QA (Pix Contestação) (nível 1) - 0 imagens
2025-09-18 10:14:10,638 - INFO - Pasta processada: 1231033 [Front-end] - Ajuste nos detalhes de uma contestação cancelada (nível 2) - 1 imagens
2025-09-18 10:14:10,657 - INFO - Imagem inserida: 01-QA_PSCECATPZ-4028.jpg
2025-09-18 10:14:10,691 - INFO - Documento salvo: C:/Users/alessandro.melo/Downloads/teste de doc8.docx
2025-09-18 10:25:02,541 - INFO - Iniciando processamento do diretório: C:/Users/alessandro.melo/OneDrive - Stefanini/Ailos/IB/Testes/Qa/11-09-2025_2.1.416
2025-09-18 10:25:02,572 - INFO - Template carregado: C:/Users/alessandro.melo/Downloads/EVIDENCIAS - PROJETO AILOS - MODELO.docx
2025-09-18 10:25:02,573 - INFO - Pasta processada: Evidências (nível 0) - 0 imagens
2025-09-18 10:25:02,574 - INFO - Pasta processada: 1226491 - Homologação Ambiente QA (Pix Contestação) (nível 1) - 0 imagens
2025-09-18 10:25:02,575 - INFO - Pasta processada: 1231033 [Front-end] - Ajuste nos detalhes de uma contestação cancelada (nível 2) - 1 imagens
2025-09-18 10:25:02,604 - INFO - Imagem inserida: 01-QA_PSCECATPZ-4028.jpg
2025-09-18 10:25:02,639 - INFO - Documento salvo: C:/Users/alessandro.melo/Downloads/RELEASE NOTE - PROJETO AILOS - VERSÃO V00XC001RXXX - 18092025.docx
2025-09-18 10:29:38,181 - INFO - Iniciando processamento do diretório: C:/Users/alessandro.melo/OneDrive - Stefanini/Ailos/IB/Testes/Qa/11-09-2025_2.1.416
2025-09-18 10:29:38,206 - INFO - Template carregado: C:/Users/alessandro.melo/Downloads/EVIDENCIAS - PROJETO AILOS - MODELO.docx
2025-09-18 10:29:38,206 - INFO - Pasta processada: Evidências (nível 0) - 0 imagens
2025-09-18 10:29:38,210 - INFO - Pasta processada: 1226491 - Homologação Ambiente QA (Pix Contestação) (nível 1) - 0 imagens
2025-09-18 10:29:38,210 - INFO - Pasta processada: 1231033 [Front-end] - Ajuste nos detalhes de uma contestação cancelada (nível 2) - 1 imagens
2025-09-18 10:29:38,239 - INFO - Imagem inserida: 01-QA_PSCECATPZ-4028.jpg
2025-09-18 10:29:38,288 - INFO - Documento salvo: C:/Users/alessandro.melo/Downloads/RELEASE NOTE - PROJETO AILOS - VERSÃO V00XC001RXXX - 18092025.docx
2025-09-18 10:33:12,446 - INFO - Iniciando processamento do diretório: C:/Users/alessandro.melo/OneDrive - Stefanini/Ailos/IB/Testes/Qa/11-09-2025_2.1.416
2025-09-18 10:33:12,463 - INFO - Template carregado: C:/Users/alessandro.melo/Downloads/EVIDENCIAS - PROJETO AILOS - MODELO - Copia.docx
2025-09-18 10:33:12,465 - INFO - Pasta processada: Evidências (nível 0) - 0 imagens
2025-09-18 10:33:12,466 - INFO - Pasta processada: 1226491 - Homologação Ambiente QA (Pix Contestação) (nível 1) - 0 imagens
2025-09-18 10:33:12,466 - INFO - Pasta processada: 1231033 [Front-end] - Ajuste nos detalhes de uma contestação cancelada (nível 2) - 1 imagens
2025-09-18 10:33:12,489 - INFO - Imagem inserida: 01-QA_PSCECATPZ-4028.jpg
2025-09-18 10:33:12,527 - INFO - Documento salvo: C:/Users/alessandro.melo/Downloads/RELEASE NOTE - PROJETO AILOS - VERSÃO V00XC001RXXX - 18092025.docx
2025-09-18 10:37:41,198 - INFO - Iniciando processamento do diretório: C:/Users/alessandro.melo/OneDrive - Stefanini/Ailos/IB/Testes/Qa/11-09-2025_2.1.416
2025-09-18 10:37:41,228 - INFO - Template carregado: C:/Users/alessandro.melo/Downloads/EVIDENCIAS - PROJETO AILOS - MODELO - Copia.docx
2025-09-18 10:37:41,229 - INFO - Pasta processada: Evidências (nível 0) - 0 imagens
2025-09-18 10:37:41,230 - INFO - Pasta processada: 1226491 - Homologação Ambiente QA (Pix Contestação) (nível 1) - 0 imagens
2025-09-18 10:37:41,231 - INFO - Pasta processada: 1231033 [Front-end] - Ajuste nos detalhes de uma contestação cancelada (nível 2) - 1 imagens
2025-09-18 10:37:41,276 - INFO - Imagem inserida: 01-QA_PSCECATPZ-4028.jpg
2025-09-18 10:37:41,276 - INFO - Página 'TODOS OS DIREITOS RESERVADOS' movida para o final do documento
2025-09-18 10:37:41,336 - INFO - Documento salvo: C:/Users/alessandro.melo/Downloads/RELEASE NOTE - PROJETO AILOS - VERSÃO V00XC001RXXX - 18092025.docx
2025-09-18 10:38:36,367 - INFO - Iniciando processamento do diretório: C:/Users/alessandro.melo/OneDrive - Stefanini/Ailos/IB/Testes/Qa/08-09-2025_2.1.414
2025-09-18 10:38:36,384 - INFO - Template carregado: C:/Users/alessandro.melo/Downloads/EVIDENCIAS - PROJETO AILOS - MODELO - Copia.docx
2025-09-18 10:38:36,384 - INFO - Pasta processada: Evidências (nível 0) - 0 imagens
2025-09-18 10:38:36,385 - INFO - Pasta processada: 1176549 - [PRJ0025406]4. [Conta Online] Adicionar o icone Check e Calendar o clock Nos comprovantes PDF Agendamento e Pagamento (nível 1) - 4 imagens
2025-09-18 10:38:36,385 - INFO - Pasta processada: 1180406 - PRJ0025328 Bolepix - Aprensentar Bolepix no menu Cobrança Bancária (nível 1) - 5 imagens
2025-09-18 10:38:36,386 - INFO - Pasta processada: 1180523 - PRJ0025328 Bolepix - Adesão ao Bolepix com chave aleatória existente (nível 1) - 6 imagens
2025-09-18 10:38:36,386 - INFO - Pasta processada: 1180538 - PRJ0025328 Bolepix - Adesão ao Bolepix com nova chave (nível 1) - 3 imagens
2025-09-18 10:38:36,386 - INFO - Pasta processada: 1180656 - PRJ0025328 Bolepix - Incluir o indicador do bolepix (nível 1) - 2 imagens
2025-09-18 10:38:36,387 - INFO - Pasta processada: 1189675 - [PRJ0025512] [Conta Online] Alterar nomenclaturas dentro do menu 'reportar fraude' do Pix no Conta Online (nível 1) - 6 imagens
2025-09-18 10:38:36,388 - INFO - Pasta processada: 1189681 - [PRJ0025512] [Conta Online] Alterar tela de listagem de transações para contestação de Pix no Conta Online (nível 1) - 9 imagens
2025-09-18 10:38:36,389 - INFO - Pasta processada: 1189750 - [PRJ0025512] [Conta Online] Alterar tela inicial do menu 'contestar Pix' do Pix no Conta Online (nível 1) - 4 imagens
2025-09-18 10:38:36,389 - INFO - Pasta processada: 1189758 - [PRJ0025512] [Conta Online] Criar pop-up de onboarding na tela inicial do menu 'contestar Pix do Pix no Conta Online (nível 1) - 2 imagens
2025-09-18 10:38:36,390 - INFO - Pasta processada: 1189762 - [PRJ0025512] [Conta Online] Alterar tela de motivos para contestação de Pix no Conta Online (nível 1) - 0 imagens
2025-09-18 10:38:36,391 - INFO - Pasta processada: Pix Automatico (nível 2) - 9 imagens
2025-09-18 10:38:36,391 - INFO - Pasta processada: Pix Normal (nível 2) - 11 imagens
2025-09-18 10:38:36,391 - INFO - Pasta processada: 1189792 - [PRJ0025512] [Conta Online] Alterar limite mínimo e máximo de caracteres do campo 'descrição' ao contestar um Pix no Conta Online (nível 1) - 3 imagens
2025-09-18 10:38:36,392 - INFO - Pasta processada: 1189816 - [PRJ0025512] [Conta Online] Alterar tela 'próximos passos' na contestação de Pix no Conta Online (nível 1) - 1 imagens
2025-09-18 10:38:36,393 - INFO - Pasta processada: 1189828 [PRJ0025512] [Conta Online] Alterar mensagem de sucesso e erro ao contestar um Pix NORMAL no Conta Online (nível 1) - 6 imagens
2025-09-18 10:38:36,393 - INFO - Pasta processada: 1189835 [PRJ0025512] [Conta Online] Criar mensagem de sucesso e erro ao contestar um Pix AUTOMÁTICO no Conta Online (nível 1) - 7 imagens
2025-09-18 10:38:36,394 - INFO - Pasta processada: 1189866 [PRJ0025512] [Conta Online] Alterar tela de detalhes de uma contestação de Pix no Conta Online (nível 1) - 1 imagens
2025-09-18 10:38:36,394 - INFO - Pasta processada: 1189887 - [PRJ0025512] [Conta Online] Alterar tela de detalhes de uma contestação com status 'ACEITA' de Pix no Conta Online (nível 1) - 3 imagens
2025-09-18 10:38:36,395 - INFO - Pasta processada: 1189892 - [PRJ0025512] [Conta Online] Alterar nomenclatura dos status de contestação Pix no Conta Online (nível 1) - 4 imagens
2025-09-18 10:38:36,395 - INFO - Pasta processada: 1191872 - [PRJ0025328] [Conta Online] Nova mensagem de alerta ao cancelar chave Pix aleatória (nível 1) - 4 imagens
2025-09-18 10:38:36,395 - INFO - Pasta processada: 1193673 - [PRJ0025512] [Conta Online] Criar tela de detalhes de uma transação do tipo 'Pix Automático' para contestação no Conta Online (nível 1) - 2 imagens
2025-09-18 10:38:36,395 - INFO - Pasta processada: 1194683 - [PRJ0025512] [Conta Online] Criar botão de atalho para menu 'Contestar Pix' no menu 'Serviço de Atendimento Pix' (nível 1) - 3 imagens
2025-09-18 10:38:36,398 - INFO - Pasta processada: 1195329 - PRJ0025328 Bolepix - Ajustes solicitados no protótipo e que aparecem no front da Conta Online (nível 1) - 1 imagens
2025-09-18 10:38:36,398 - INFO - Pasta processada: 1197627 INC0415273  Análise Extrato OFX Corrompido (nível 1) - 4 imagens
2025-09-18 10:38:36,398 - INFO - Pasta processada: 1200357 - [PRJ0025328] BOLEPIX [Crédito] - Inclusão mensagem cancelamento QR Code Descto de Título - Conta Online (nível 1) - 10 imagens
2025-09-18 10:38:36,398 - INFO - Pasta processada: 1203376 - Efetuar Ajuste em Front IB para empréstimo Aimaro (nível 1) - 6 imagens
2025-09-18 10:38:36,400 - INFO - Pasta processada: 1213647 - [PRJ0025512] [Conta Online] Ao criar uma contestação de Pix enviar o código do motivo no Conta Online (nível 1) - 5 imagens
2025-09-18 10:38:36,401 - INFO - Pasta processada: 1213967 [PRJ0025328] - Bolepix - Acrescentar campo de Bolepix, na visualização dos detalhes do boleto boleto (nível 1) - 2 imagens
2025-09-18 10:38:36,401 - INFO - Pasta processada: 1214415 - PRJ0025328 Bolepix - Aprensentar BolePix no menu Cobrança Bancária (nível 1) - 8 imagens
2025-09-18 10:38:36,401 - INFO - Pasta processada: 1222992 - [PRJ0025512] [Conta Online] Incluir filtro SITUAÇÃO na tela de listagem de contestações de Pix no Conta Online (nível 1) - 4 imagens
2025-09-18 10:38:36,401 - INFO - Pasta processada: 1226112 Validação ícones do comprovante - Conta Online (nível 1) - 4 imagens
2025-09-18 10:38:36,407 - INFO - Imagem inserida: 01-agendamento.jpg
2025-09-18 10:38:36,411 - INFO - Imagem inserida: 02-agendamento.jpg
2025-09-18 10:38:36,416 - INFO - Imagem inserida: 03-pix-imediato.jpg
2025-09-18 10:38:36,420 - INFO - Imagem inserida: 04-pix-imediato.jpg
2025-09-18 10:38:36,424 - INFO - Imagem inserida: 01-botao lembre-me mais tarde.jpg
2025-09-18 10:38:36,427 - INFO - Imagem inserida: 02-botao lembre-me mais tarde.jpg
2025-09-18 10:38:36,433 - INFO - Imagem inserida: 03-botao nao mostrar novamente.jpg
2025-09-18 10:38:36,437 - INFO - Imagem inserida: 04-operador sem permissão.jpg
2025-09-18 10:38:36,441 - INFO - Imagem inserida: 05-operador sem permissão.jpg
2025-09-18 10:38:36,447 - INFO - Imagem inserida: 01.jpg
2025-09-18 10:38:36,452 - INFO - Imagem inserida: 02.jpg
2025-09-18 10:38:36,457 - INFO - Imagem inserida: 03.jpg
2025-09-18 10:38:36,463 - INFO - Imagem inserida: 04.jpg
2025-09-18 10:38:36,468 - INFO - Imagem inserida: 05.jpg
2025-09-18 10:38:36,474 - INFO - Imagem inserida: 06.jpg
2025-09-18 10:38:36,484 - INFO - Imagem inserida: 01.jpg
2025-09-18 10:38:36,484 - INFO - Imagem inserida: 02.jpg
2025-09-18 10:38:36,498 - INFO - Imagem inserida: 03.jpg
2025-09-18 10:38:36,506 - INFO - Imagem inserida: 01.jpg
2025-09-18 10:38:36,513 - INFO - Imagem inserida: 02.jpg
2025-09-18 10:38:36,521 - INFO - Imagem inserida: 01.jpg
2025-09-18 10:38:36,528 - INFO - Imagem inserida: 02.jpg
2025-09-18 10:38:36,537 - INFO - Imagem inserida: 03.jpg
2025-09-18 10:38:36,545 - INFO - Imagem inserida: 04.jpg
2025-09-18 10:38:36,555 - INFO - Imagem inserida: 05.jpg
2025-09-18 10:38:36,561 - INFO - Imagem inserida: 06.jpg
2025-09-18 10:38:36,575 - INFO - Imagem inserida: 01-listagem.jpg
2025-09-18 10:38:36,589 - INFO - Imagem inserida: 02-listagem.jpg
2025-09-18 10:38:36,601 - INFO - Imagem inserida: 03-filtro avancado.jpg
2025-09-18 10:38:36,613 - INFO - Imagem inserida: 04-filtro avancado.jpg
2025-09-18 10:38:36,624 - INFO - Imagem inserida: 05-filtro avancado.jpg
2025-09-18 10:38:36,638 - INFO - Imagem inserida: 06-filtro avancado.jpg
2025-09-18 10:38:36,652 - INFO - Imagem inserida: 07-filtro avancado.jpg
2025-09-18 10:38:36,661 - INFO - Imagem inserida: 08-filtro avancado.jpg
2025-09-18 10:38:36,681 - INFO - Imagem inserida: 09-filtro avancado.jpg
2025-09-18 10:38:36,691 - INFO - Imagem inserida: 01.jpg
2025-09-18 10:38:36,702 - INFO - Imagem inserida: 02.jpg
2025-09-18 10:38:36,714 - INFO - Imagem inserida: 03.jpg
2025-09-18 10:38:36,730 - INFO - Imagem inserida: 04.jpg
2025-09-18 10:38:36,742 - INFO - Imagem inserida: 01.jpg
2025-09-18 10:38:36,752 - INFO - Imagem inserida: 02.jpg
2025-09-18 10:38:36,772 - INFO - Imagem inserida: 01.jpg
2025-09-18 10:38:36,785 - INFO - Imagem inserida: 02.jpg
2025-09-18 10:38:36,798 - INFO - Imagem inserida: 03.jpg
2025-09-18 10:38:36,812 - INFO - Imagem inserida: 04.jpg
2025-09-18 10:38:36,829 - INFO - Imagem inserida: 05.jpg
2025-09-18 10:38:36,847 - INFO - Imagem inserida: 06.jpg
2025-09-18 10:38:36,860 - INFO - Imagem inserida: 07.jpg
2025-09-18 10:38:36,879 - INFO - Imagem inserida: 08.jpg
2025-09-18 10:38:36,902 - INFO - Imagem inserida: 09.jpg
2025-09-18 10:38:36,917 - INFO - Imagem inserida: 01.jpg
2025-09-18 10:38:36,941 - INFO - Imagem inserida: 02.jpg
2025-09-18 10:38:36,961 - INFO - Imagem inserida: 03.jpg
2025-09-18 10:38:36,979 - INFO - Imagem inserida: 04.jpg
2025-09-18 10:38:36,993 - INFO - Imagem inserida: 05.jpg
2025-09-18 10:38:37,011 - INFO - Imagem inserida: 06.jpg
2025-09-18 10:38:37,025 - INFO - Imagem inserida: 07.jpg
2025-09-18 10:38:37,047 - INFO - Imagem inserida: 08.jpg
2025-09-18 10:38:37,062 - INFO - Imagem inserida: 09.jpg
2025-09-18 10:38:37,077 - INFO - Imagem inserida: 10.jpg
2025-09-18 10:38:37,095 - INFO - Imagem inserida: 11.jpg
2025-09-18 10:38:37,112 - INFO - Imagem inserida: 01.jpg
2025-09-18 10:38:37,130 - INFO - Imagem inserida: 02.jpg
2025-09-18 10:38:37,153 - INFO - Imagem inserida: 03.jpg
2025-09-18 10:38:37,178 - INFO - Imagem inserida: 01-QA_PSCECATPZ-3949.jpg
2025-09-18 10:38:37,197 - INFO - Imagem inserida: 01.jpg
2025-09-18 10:38:37,219 - INFO - Imagem inserida: 02.jpg
2025-09-18 10:38:37,237 - INFO - Imagem inserida: 03.jpg
2025-09-18 10:38:37,251 - INFO - Imagem inserida: 04.jpg
2025-09-18 10:38:37,272 - INFO - Imagem inserida: 05.jpg
2025-09-18 10:38:37,291 - INFO - Imagem inserida: 06-erro.jpg
2025-09-18 10:38:37,311 - INFO - Imagem inserida: 01.jpg
2025-09-18 10:38:37,328 - INFO - Imagem inserida: 02.jpg
2025-09-18 10:38:37,343 - INFO - Imagem inserida: 03.jpg
2025-09-18 10:38:37,365 - INFO - Imagem inserida: 04.jpg
2025-09-18 10:38:37,383 - INFO - Imagem inserida: 05.jpg
2025-09-18 10:38:37,403 - INFO - Imagem inserida: 06.jpg
2025-09-18 10:38:37,422 - INFO - Imagem inserida: 07.jpg
2025-09-18 10:38:37,444 - INFO - Imagem inserida: 01-QA_PSCECATPZ-3954.jpg
2025-09-18 10:38:37,472 - INFO - Imagem inserida: 01.jpg
2025-09-18 10:38:37,495 - INFO - Imagem inserida: 02.jpg
2025-09-18 10:38:37,516 - INFO - Imagem inserida: 03.jpg
2025-09-18 10:38:37,535 - INFO - Imagem inserida: 01.jpg
2025-09-18 10:38:37,557 - INFO - Imagem inserida: 02.jpg
2025-09-18 10:38:37,578 - INFO - Imagem inserida: 03.jpg
2025-09-18 10:38:37,603 - INFO - Imagem inserida: 04.jpg
2025-09-18 10:38:37,624 - INFO - Imagem inserida: 01.jpg
2025-09-18 10:38:37,646 - INFO - Imagem inserida: 02.jpg
2025-09-18 10:38:37,668 - INFO - Imagem inserida: 03.jpg
2025-09-18 10:38:37,691 - INFO - Imagem inserida: 04.jpg
2025-09-18 10:38:37,718 - INFO - Imagem inserida: 01.jpg
2025-09-18 10:38:37,739 - INFO - Imagem inserida: 02.jpg
2025-09-18 10:38:37,760 - INFO - Imagem inserida: 01.jpg
2025-09-18 10:38:37,783 - INFO - Imagem inserida: 02.jpg
2025-09-18 10:38:37,804 - INFO - Imagem inserida: 03.jpg
2025-09-18 10:38:37,837 - INFO - Imagem inserida: 01-QA_PSCECATPZ-3822.jpg
2025-09-18 10:38:37,860 - INFO - Imagem inserida: 01.jpg
2025-09-18 10:38:37,881 - INFO - Imagem inserida: 02.jpg
2025-09-18 10:38:37,903 - INFO - Imagem inserida: 03.jpg
2025-09-18 10:38:37,924 - INFO - Imagem inserida: 04.jpg
2025-09-18 10:38:37,943 - INFO - Imagem inserida: 01.jpg
2025-09-18 10:38:37,970 - INFO - Imagem inserida: 02.jpg
2025-09-18 10:38:37,989 - INFO - Imagem inserida: 03.jpg
2025-09-18 10:38:38,020 - INFO - Imagem inserida: 04.jpg
2025-09-18 10:38:38,042 - INFO - Imagem inserida: 05.jpg
2025-09-18 10:38:38,061 - INFO - Imagem inserida: 06.jpg
2025-09-18 10:38:38,084 - INFO - Imagem inserida: 07.jpg
2025-09-18 10:38:38,104 - INFO - Imagem inserida: 08.jpg
2025-09-18 10:38:38,127 - INFO - Imagem inserida: 09.jpg
2025-09-18 10:38:38,150 - INFO - Imagem inserida: 10.jpg
2025-09-18 10:38:38,179 - INFO - Imagem inserida: 01.jpg
2025-09-18 10:38:38,200 - INFO - Imagem inserida: 02.jpg
2025-09-18 10:38:38,221 - INFO - Imagem inserida: 03.jpg
2025-09-18 10:38:38,251 - INFO - Imagem inserida: 04.jpg
2025-09-18 10:38:38,272 - INFO - Imagem inserida: 05.jpg
2025-09-18 10:38:38,297 - INFO - Imagem inserida: 06.jpg
2025-09-18 10:38:38,320 - INFO - Imagem inserida: 01.jpg
2025-09-18 10:38:38,342 - INFO - Imagem inserida: 02.jpg
2025-09-18 10:38:38,370 - INFO - Imagem inserida: 03.jpg
2025-09-18 10:38:38,395 - INFO - Imagem inserida: 04.jpg
2025-09-18 10:38:38,428 - INFO - Imagem inserida: 05.jpg
2025-09-18 10:38:38,462 - INFO - Imagem inserida: 01.jpg
2025-09-18 10:38:38,498 - INFO - Imagem inserida: 02.jpg
2025-09-18 10:38:38,536 - INFO - Imagem inserida: 01-introducao.jpg
2025-09-18 10:38:38,573 - INFO - Imagem inserida: 02-introducao.jpg
2025-09-18 10:38:38,602 - INFO - Imagem inserida: 03-introducao.jpg
2025-09-18 10:38:38,639 - INFO - Imagem inserida: 04-adesao.jpg
2025-09-18 10:38:38,674 - INFO - Imagem inserida: 05-adesao.jpg
2025-09-18 10:38:38,714 - INFO - Imagem inserida: 06-Enviar boleto pelos correios.jpg
2025-09-18 10:38:38,745 - INFO - Imagem inserida: 07-Enviar boleto pelos correios.jpg
2025-09-18 10:38:38,779 - INFO - Imagem inserida: 08-Enviar boleto pelos correios.jpg
2025-09-18 10:38:38,809 - INFO - Imagem inserida: 01.jpg
2025-09-18 10:38:38,845 - INFO - Imagem inserida: 02.jpg
2025-09-18 10:38:38,882 - INFO - Imagem inserida: 03.jpg
2025-09-18 10:38:38,915 - INFO - Imagem inserida: 04.jpg
2025-09-18 10:38:38,961 - INFO - Imagem inserida: 01.jpg
2025-09-18 10:38:39,000 - INFO - Imagem inserida: 02.jpg
2025-09-18 10:38:39,042 - INFO - Imagem inserida: 03.jpg
2025-09-18 10:38:39,079 - INFO - Imagem inserida: 04.jpg
2025-09-18 10:38:39,080 - INFO - Página 'TODOS OS DIREITOS RESERVADOS' movida para o final do documento
2025-09-18 10:38:40,035 - INFO - Documento salvo: C:/Users/alessandro.melo/Downloads/RELEASE NOTE - PROJETO AILOS - VERSÃO V00XC001RXXX - 18092025.docx
2025-09-26 12:19:11,000 - INFO - Iniciando processamento do diretório: C:/Users/alessandro.melo/OneDrive - Stefanini/Ailos/IB/Testes/Test/12-09-2025_4.1.267
2025-09-26 12:19:11,046 - INFO - Template carregado: C:/Users/alessandro.melo/OneDrive - Stefanini/Ailos/SISTEMA-GERADOR-DE-EVIDENCIAS/Modelo de doc para geracao/EVIDENCIAS - MODELO.docx
2025-09-26 12:19:11,046 - INFO - Pasta processada: Evidências (nível 0) - 0 imagens
2025-09-26 12:19:11,046 - INFO - Pasta processada: 1002316 - [INC0367451] - Pix - Agendamentos iguais estão sendo permitidos no Conta Online (nível 1) - 0 imagens
2025-09-26 12:19:11,046 - INFO - Pasta processada: Pix Copia e Cola (nível 2) - 9 imagens
2025-09-26 12:19:11,046 - INFO - Pasta processada: Pix por Chaves (nível 2) - 8 imagens
2025-09-26 12:19:11,046 - INFO - Pasta processada: Pix por Dados Bancarios (nível 2) - 10 imagens
2025-09-26 12:19:11,060 - INFO - Pasta processada: 1173067 - [Squad PIX Recebimentos]  [Conta Online]  [Frontend]  Agendamento recorrente com Pix Imediato (nível 1) - 0 imagens
2025-09-26 12:19:11,061 - INFO - Pasta processada: Pix Copia e Cola (nível 2) - 23 imagens
2025-09-26 12:19:11,061 - INFO - Pasta processada: Pix por Chaves (nível 2) - 16 imagens
2025-09-26 12:19:11,061 - INFO - Pasta processada: Pix por Dados Manuais (nível 2) - 25 imagens
2025-09-26 12:19:11,065 - INFO - Pasta processada: 1173068 - [Squad PIX Recebimentos]  [Conta Online]  [Backend]  Agendamento recorrente com Pix Imediato (nível 1) - 0 imagens
2025-09-26 12:19:11,065 - INFO - Pasta processada: Pix Copia e Cola (nível 2) - 8 imagens
2025-09-26 12:19:11,065 - INFO - Pasta processada: Pix por chaves (nível 2) - 8 imagens
2025-09-26 12:19:11,065 - INFO - Pasta processada: Pix por Dados Bancários (nível 2) - 8 imagens
2025-09-26 12:19:11,065 - INFO - Pasta processada: 1184525 - [PRJ0025397][Conta Online][BFF] Adequar BFF para validar MFA e OFD ao validar transação (nível 1) - 4 imagens
2025-09-26 12:19:11,072 - INFO - Pasta processada: 1204988 - [Squad PIX Recebimentos]  [Conta Online]  [Frontend]  Agendamento recorrente com Pix Imediato - Comprovante Tela (nível 1) - 3 imagens
2025-09-26 12:19:11,072 - INFO - Pasta processada: 1204990 - [Squad PIX Recebimentos]  [Conta Online]  [PDF]  Agendamento recorrente com Pix Imediato - Comprovante PDF (nível 1) - 2 imagens
2025-09-26 12:19:11,072 - INFO - Pasta processada: 1204992 - [Squad PIX Recebimentos]  [Conta Online]  [Backend]  Agendamento recorrente com Pix Imediato - Comprovante (nível 1) - 3 imagens
2025-09-26 12:19:11,072 - INFO - Pasta processada: 1226112 - Validação ícones do comprovante - Conta Online (nível 1) - 4 imagens
2025-09-26 12:19:11,076 - INFO - Pasta processada: 1226491 - Homologação Ambiente QA (Pix Contestação) (nível 1) - 0 imagens
2025-09-26 12:19:11,076 - INFO - Pasta processada: 1230179 - Adicionar Imagem Contestação (nível 2) - 1 imagens
2025-09-26 12:19:11,076 - INFO - Pasta processada: 1230182 - Cores Status (nível 2) - 1 imagens
2025-09-26 12:19:11,076 - INFO - Pasta processada: 1230234 - Contestar - Situação Relato (nível 2) - 1 imagens
2025-09-26 12:19:11,076 - INFO - Pasta processada: 1231033 [Front-end] - Ajuste nos detalhes de uma contestação cancelada (nível 2) - 1 imagens
2025-09-26 12:19:11,076 - INFO - Pasta processada: 1229845 - [FrontEnd] Erro na Adesão ao Bolepix pela CO (nível 1) - 5 imagens
2025-09-26 12:19:11,148 - INFO - Imagem inserida: 01.jpg
2025-09-26 12:19:11,156 - INFO - Imagem inserida: 02.jpg
2025-09-26 12:19:11,163 - INFO - Imagem inserida: 03.jpg
2025-09-26 12:19:11,171 - INFO - Imagem inserida: 04.jpg
2025-09-26 12:19:11,176 - INFO - Imagem inserida: 05.jpg
2025-09-26 12:19:11,187 - INFO - Imagem inserida: 06.jpg
2025-09-26 12:19:11,201 - INFO - Imagem inserida: 07.jpg
2025-09-26 12:19:11,206 - INFO - Imagem inserida: 08.jpg
2025-09-26 12:19:11,223 - INFO - Imagem inserida: 09.jpg
2025-09-26 12:19:11,234 - INFO - Imagem inserida: 01.jpg
2025-09-26 12:19:11,244 - INFO - Imagem inserida: 02.jpg
2025-09-26 12:19:11,250 - INFO - Imagem inserida: 03.jpg
2025-09-26 12:19:11,270 - INFO - Imagem inserida: 04.jpg
2025-09-26 12:19:11,281 - INFO - Imagem inserida: 05.jpg
2025-09-26 12:19:11,299 - INFO - Imagem inserida: 06.jpg
2025-09-26 12:19:11,313 - INFO - Imagem inserida: 07.jpg
2025-09-26 12:19:11,313 - INFO - Imagem inserida: 08.jpg
2025-09-26 12:19:11,342 - INFO - Imagem inserida: 01.jpg
2025-09-26 12:19:11,355 - INFO - Imagem inserida: 02.jpg
2025-09-26 12:19:11,365 - INFO - Imagem inserida: 03.jpg
2025-09-26 12:19:11,379 - INFO - Imagem inserida: 04.jpg
2025-09-26 12:19:11,389 - INFO - Imagem inserida: 05.jpg
2025-09-26 12:19:11,407 - INFO - Imagem inserida: 06.jpg
2025-09-26 12:19:11,421 - INFO - Imagem inserida: 07.jpg
2025-09-26 12:19:11,441 - INFO - Imagem inserida: 09.jpg
2025-09-26 12:19:11,454 - INFO - Imagem inserida: 10.jpg
2025-09-26 12:19:11,468 - INFO - Imagem inserida: 11.jpg
2025-09-26 12:19:11,484 - INFO - Imagem inserida: 01-imediato-mensal.jpg
2025-09-26 12:19:11,513 - INFO - Imagem inserida: 02-imediato-mensal.jpg
2025-09-26 12:19:11,531 - INFO - Imagem inserida: 03-imediato-mensal.jpg
2025-09-26 12:19:11,548 - INFO - Imagem inserida: 04-imediato-mensal.jpg
2025-09-26 12:19:11,574 - INFO - Imagem inserida: 05-imediato-mensal.jpg
2025-09-26 12:19:11,579 - INFO - Imagem inserida: 06-imediato-mensal.jpg
2025-09-26 12:19:11,609 - INFO - Imagem inserida: 07-imediato-semanal.jpg
2025-09-26 12:19:11,627 - INFO - Imagem inserida: 08-imediato-semanal.jpg
2025-09-26 12:19:11,647 - INFO - Imagem inserida: 09-imediato-semanal.jpg
2025-09-26 12:19:11,673 - INFO - Imagem inserida: 10-imediato-semanal.jpg
2025-09-26 12:19:11,691 - INFO - Imagem inserida: 11-imediato-semanal.jpg
2025-09-26 12:19:11,707 - INFO - Imagem inserida: 12-agendamento-mensal.jpg
2025-09-26 12:19:11,736 - INFO - Imagem inserida: 13-agendamento-mensal.jpg
2025-09-26 12:19:11,766 - INFO - Imagem inserida: 14-agendamento-mensal.jpg
2025-09-26 12:19:11,790 - INFO - Imagem inserida: 15-agendamento-mensal.jpg
2025-09-26 12:19:11,809 - INFO - Imagem inserida: 16-agendamento-mensal.jpg
2025-09-26 12:19:11,831 - INFO - Imagem inserida: 17-agendamento-mensal.jpg
2025-09-26 12:19:11,854 - INFO - Imagem inserida: 18-agendamento-semanal.jpg
2025-09-26 12:19:11,876 - INFO - Imagem inserida: 19-agendamento-semanal.jpg
2025-09-26 12:19:11,898 - INFO - Imagem inserida: 20-agendamento-semanal.jpg
2025-09-26 12:19:11,921 - INFO - Imagem inserida: 21-agendamento-semanal.jpg
2025-09-26 12:19:11,945 - INFO - Imagem inserida: 22-agendamento-semanal.jpg
2025-09-26 12:19:11,954 - INFO - Imagem inserida: 23-agendamento-semanal.jpg
2025-09-26 12:19:11,990 - INFO - Imagem inserida: 01.jpg
2025-09-26 12:19:12,013 - INFO - Imagem inserida: 02-mensal.jpg
2025-09-26 12:19:12,031 - INFO - Imagem inserida: 03-mensal.jpg
2025-09-26 12:19:12,061 - INFO - Imagem inserida: 04-mensal.jpg
2025-09-26 12:19:12,078 - INFO - Imagem inserida: 05-semanal.jpg
2025-09-26 12:19:12,109 - INFO - Imagem inserida: 06-semanal.jpg
2025-09-26 12:19:12,125 - INFO - Imagem inserida: 07-semanal.jpg
2025-09-26 12:19:12,155 - INFO - Imagem inserida: 08-semanal.jpg
2025-09-26 12:19:12,178 - INFO - Imagem inserida: 09-agendamento-mensal.jpg
2025-09-26 12:19:12,187 - INFO - Imagem inserida: 10-agendamento-mensal.jpg
2025-09-26 12:19:12,223 - INFO - Imagem inserida: 11-agendamento-mensal.jpg
2025-09-26 12:19:12,232 - INFO - Imagem inserida: 12-agendamento-mensal.jpg
2025-09-26 12:19:12,266 - INFO - Imagem inserida: 13-agendamento-semanal.jpg
2025-09-26 12:19:12,284 - INFO - Imagem inserida: 14-agendamento-semanal.jpg
2025-09-26 12:19:12,312 - INFO - Imagem inserida: 15-agendamento-semanal.jpg
2025-09-26 12:19:12,339 - INFO - Imagem inserida: 16-agendamento-semanal.jpg
2025-09-26 12:19:12,364 - INFO - Imagem inserida: 01-imediato-mensal.jpg
2025-09-26 12:19:12,386 - INFO - Imagem inserida: 02-imediato-mensal.jpg
2025-09-26 12:19:12,409 - INFO - Imagem inserida: 03-imediato-mensal.jpg
2025-09-26 12:19:12,436 - INFO - Imagem inserida: 04-imediato-mensal.jpg
2025-09-26 12:19:12,461 - INFO - Imagem inserida: 05-imediato-mensal.jpg
2025-09-26 12:19:12,486 - INFO - Imagem inserida: 06-imediato-mensal.jpg
2025-09-26 12:19:12,498 - INFO - Imagem inserida: 07-imediato-semanal.jpg
2025-09-26 12:19:12,538 - INFO - Imagem inserida: 08-imediato-semanal.jpg
2025-09-26 12:19:12,562 - INFO - Imagem inserida: 09-imediato-semanal.jpg
2025-09-26 12:19:12,584 - INFO - Imagem inserida: 10-imediato-semanal.jpg
2025-09-26 12:19:12,616 - INFO - Imagem inserida: 11-imediato-semanal.jpg
2025-09-26 12:19:12,650 - INFO - Imagem inserida: 12-imediato-semanal.jpg
2025-09-26 12:19:12,676 - INFO - Imagem inserida: 13-agendamento-mensal.jpg
2025-09-26 12:19:12,695 - INFO - Imagem inserida: 14-agendamento-mensal.jpg
2025-09-26 12:19:12,718 - INFO - Imagem inserida: 15-agendamento-mensal.jpg
2025-09-26 12:19:12,749 - INFO - Imagem inserida: 16-agendamento-mensal.jpg
2025-09-26 12:19:12,778 - INFO - Imagem inserida: 17-agendamento-mensal.jpg
2025-09-26 12:19:12,795 - INFO - Imagem inserida: 18-agendamento-mensal.jpg
2025-09-26 12:19:12,834 - INFO - Imagem inserida: 19-agendamento-mensal.jpg
2025-09-26 12:19:12,859 - INFO - Imagem inserida: 20-agendamento-semanal.jpg
2025-09-26 12:19:12,895 - INFO - Imagem inserida: 21-agendamento-semanal.jpg
2025-09-26 12:19:12,929 - INFO - Imagem inserida: 22-agendamento-semanal.jpg
2025-09-26 12:19:12,963 - INFO - Imagem inserida: 23-agendamento-semanal.jpg
2025-09-26 12:19:12,991 - INFO - Imagem inserida: 24-agendamento-semanal.jpg
2025-09-26 12:19:13,018 - INFO - Imagem inserida: 25-agendamento-semanal.jpg
2025-09-26 12:19:13,062 - INFO - Imagem inserida: 01-mensal.jpg
2025-09-26 12:19:13,092 - INFO - Imagem inserida: 02-mensal.jpg
2025-09-26 12:19:13,124 - INFO - Imagem inserida: 03-mensal.jpg
2025-09-26 12:19:13,172 - INFO - Imagem inserida: 04-mensal.jpg
2025-09-26 12:19:13,206 - INFO - Imagem inserida: 05-semanal.jpg
2025-09-26 12:19:13,244 - INFO - Imagem inserida: 06-semanal.jpg
2025-09-26 12:19:13,286 - INFO - Imagem inserida: 07-semanal.jpg
2025-09-26 12:19:13,313 - INFO - Imagem inserida: 08-semanal.jpg
2025-09-26 12:19:13,358 - INFO - Imagem inserida: 01-mensal.jpg
2025-09-26 12:19:13,397 - INFO - Imagem inserida: 02-mensal.jpg
2025-09-26 12:19:13,438 - INFO - Imagem inserida: 03-mensal.jpg
2025-09-26 12:19:13,478 - INFO - Imagem inserida: 04-mensal.jpg
2025-09-26 12:19:13,516 - INFO - Imagem inserida: 05-semanal.jpg
2025-09-26 12:19:13,556 - INFO - Imagem inserida: 06-semanal.jpg
2025-09-26 12:19:13,594 - INFO - Imagem inserida: 07-semanal.jpg
2025-09-26 12:19:13,627 - INFO - Imagem inserida: 08-semanal.jpg
2025-09-26 12:19:13,670 - INFO - Imagem inserida: 01-mensal.jpg
2025-09-26 12:19:13,702 - INFO - Imagem inserida: 02-mensal.jpg
2025-09-26 12:19:13,749 - INFO - Imagem inserida: 03-mensal.jpg
2025-09-26 12:19:13,783 - INFO - Imagem inserida: 04-mensal.jpg
2025-09-26 12:19:13,833 - INFO - Imagem inserida: 05-semanal.jpg
2025-09-26 12:19:13,875 - INFO - Imagem inserida: 06-semanal.jpg
2025-09-26 12:19:13,917 - INFO - Imagem inserida: 07-semanal.jpg
2025-09-26 12:19:13,957 - INFO - Imagem inserida: 08-semanal.jpg
2025-09-26 12:19:14,005 - INFO - Imagem inserida: 01-devolução pix.jpg
2025-09-26 12:19:14,052 - INFO - Imagem inserida: 02-pix por dados bancarios.jpg
2025-09-26 12:19:14,122 - INFO - Imagem inserida: 03-pix por chaves.jpg
2025-09-26 12:19:14,170 - INFO - Imagem inserida: 04-pix copia e cola.jpg
2025-09-26 12:19:14,233 - INFO - Imagem inserida: 01-recorrencia mensal.jpg
2025-09-26 12:19:14,294 - INFO - Imagem inserida: 02-recorrencia semanal.jpg
2025-09-26 12:19:14,348 - INFO - Imagem inserida: 03-sem recorrencia.jpg
2025-09-26 12:19:14,410 - INFO - Imagem inserida: 01-com recorrencia.jpg
2025-09-26 12:19:14,486 - INFO - Imagem inserida: 02-sem recorrencia.jpg
2025-09-26 12:19:14,549 - INFO - Imagem inserida: 01.jpg
2025-09-26 12:19:14,603 - INFO - Imagem inserida: 02.jpg
2025-09-26 12:19:14,663 - INFO - Imagem inserida: 03.jpg
2025-09-26 12:19:14,725 - INFO - Imagem inserida: 01.jpg
2025-09-26 12:19:14,781 - INFO - Imagem inserida: 02.jpg
2025-09-26 12:19:14,838 - INFO - Imagem inserida: 03.jpg
2025-09-26 12:19:14,899 - INFO - Imagem inserida: 05.jpg
2025-09-26 12:19:14,965 - INFO - Imagem inserida: 01-TEST_PSCECATPZ-4022.jpg
2025-09-26 12:19:15,030 - INFO - Imagem inserida: 01-TEST_PSCECATPZ-4023.jpg
2025-09-26 12:19:15,097 - INFO - Imagem inserida: 01-TEST.jpg
2025-09-26 12:19:15,162 - INFO - Imagem inserida: 01-TEST_PSCECATPZ-4028.jpg
2025-09-26 12:19:15,227 - INFO - Imagem inserida: 01.jpg
2025-09-26 12:19:15,288 - INFO - Imagem inserida: 02.jpg
2025-09-26 12:19:15,343 - INFO - Imagem inserida: 03.jpg
2025-09-26 12:19:15,419 - INFO - Imagem inserida: 04.jpg
2025-09-26 12:19:15,483 - INFO - Imagem inserida: 05.jpg
2025-09-26 12:19:15,485 - INFO - Página 'TODOS OS DIREITOS RESERVADOS' movida para o final do documento
2025-09-26 12:19:16,924 - INFO - Documento salvo: C:/Users/alessandro.melo/OneDrive - Stefanini/Ailos/SISTEMA-GERADOR-DE-EVIDENCIAS/Modelo de doc para geracao/RELEASE NOTE - PROJETO AILOS - VERSÃO V00XC001RXXX - 26092025.docx
2025-09-26 12:21:25,468 - INFO - Iniciando processamento do diretório: C:/Users/alessandro.melo/OneDrive - Stefanini/Ailos/IB/Testes/Test/12-09-2025_4.1.267
2025-09-26 12:21:25,499 - INFO - Template carregado: C:/Users/alessandro.melo/OneDrive - Stefanini/Ailos/SISTEMA-GERADOR-DE-EVIDENCIAS/Modelo de doc para geracao/EVIDENCIAS - MODELO.docx
2025-09-26 12:21:25,500 - INFO - Pasta processada: Evidências (nível 0) - 0 imagens
2025-09-26 12:21:25,501 - INFO - Pasta processada: 1002316 - [INC0367451] - Pix - Agendamentos iguais estão sendo permitidos no Conta Online (nível 1) - 0 imagens
2025-09-26 12:21:25,504 - INFO - Pasta processada: Pix Copia e Cola (nível 2) - 9 imagens
2025-09-26 12:21:25,506 - INFO - Pasta processada: Pix por Chaves (nível 2) - 8 imagens
2025-09-26 12:21:25,508 - INFO - Pasta processada: Pix por Dados Bancarios (nível 2) - 10 imagens
2025-09-26 12:21:25,510 - INFO - Pasta processada: 1173067 - [Squad PIX Recebimentos]  [Conta Online]  [Frontend]  Agendamento recorrente com Pix Imediato (nível 1) - 0 imagens
2025-09-26 12:21:25,511 - INFO - Pasta processada: Pix Copia e Cola (nível 2) - 23 imagens
2025-09-26 12:21:25,513 - INFO - Pasta processada: Pix por Chaves (nível 2) - 16 imagens
2025-09-26 12:21:25,515 - INFO - Pasta processada: Pix por Dados Manuais (nível 2) - 25 imagens
2025-09-26 12:21:25,516 - INFO - Pasta processada: 1173068 - [Squad PIX Recebimentos]  [Conta Online]  [Backend]  Agendamento recorrente com Pix Imediato (nível 1) - 0 imagens
2025-09-26 12:21:25,516 - INFO - Pasta processada: Pix Copia e Cola (nível 2) - 8 imagens
2025-09-26 12:21:25,519 - INFO - Pasta processada: Pix por chaves (nível 2) - 8 imagens
2025-09-26 12:21:25,520 - INFO - Pasta processada: Pix por Dados Bancários (nível 2) - 8 imagens
2025-09-26 12:21:25,522 - INFO - Pasta processada: 1184525 - [PRJ0025397][Conta Online][BFF] Adequar BFF para validar MFA e OFD ao validar transação (nível 1) - 4 imagens
2025-09-26 12:21:25,522 - INFO - Pasta processada: 1204988 - [Squad PIX Recebimentos]  [Conta Online]  [Frontend]  Agendamento recorrente com Pix Imediato - Comprovante Tela (nível 1) - 3 imagens
2025-09-26 12:21:25,522 - INFO - Pasta processada: 1204990 - [Squad PIX Recebimentos]  [Conta Online]  [PDF]  Agendamento recorrente com Pix Imediato - Comprovante PDF (nível 1) - 2 imagens
2025-09-26 12:21:25,522 - INFO - Pasta processada: 1204992 - [Squad PIX Recebimentos]  [Conta Online]  [Backend]  Agendamento recorrente com Pix Imediato - Comprovante (nível 1) - 3 imagens
2025-09-26 12:21:25,522 - INFO - Pasta processada: 1226112 - Validação ícones do comprovante - Conta Online (nível 1) - 4 imagens
2025-09-26 12:21:25,522 - INFO - Pasta processada: 1226491 - Homologação Ambiente QA (Pix Contestação) (nível 1) - 0 imagens
2025-09-26 12:21:25,522 - INFO - Pasta processada: 1230179 - Adicionar Imagem Contestação (nível 2) - 1 imagens
2025-09-26 12:21:25,532 - INFO - Pasta processada: 1230182 - Cores Status (nível 2) - 1 imagens
2025-09-26 12:21:25,532 - INFO - Pasta processada: 1230234 - Contestar - Situação Relato (nível 2) - 1 imagens
2025-09-26 12:21:25,532 - INFO - Pasta processada: 1231033 [Front-end] - Ajuste nos detalhes de uma contestação cancelada (nível 2) - 1 imagens
2025-09-26 12:21:25,535 - INFO - Pasta processada: 1229845 - [FrontEnd] Erro na Adesão ao Bolepix pela CO (nível 1) - 5 imagens
2025-09-26 12:21:25,578 - INFO - Imagem inserida: 01.jpg
2025-09-26 12:21:25,581 - INFO - Imagem inserida: 02.jpg
2025-09-26 12:21:25,592 - INFO - Imagem inserida: 03.jpg
2025-09-26 12:21:25,599 - INFO - Imagem inserida: 04.jpg
2025-09-26 12:21:25,604 - INFO - Imagem inserida: 05.jpg
2025-09-26 12:21:25,615 - INFO - Imagem inserida: 06.jpg
2025-09-26 12:21:25,621 - INFO - Imagem inserida: 07.jpg
2025-09-26 12:21:25,626 - INFO - Imagem inserida: 08.jpg
2025-09-26 12:21:25,634 - INFO - Imagem inserida: 09.jpg
2025-09-26 12:21:25,641 - INFO - Imagem inserida: 01.jpg
2025-09-26 12:21:25,641 - INFO - Imagem inserida: 02.jpg
2025-09-26 12:21:25,657 - INFO - Imagem inserida: 03.jpg
2025-09-26 12:21:25,660 - INFO - Imagem inserida: 04.jpg
2025-09-26 12:21:25,677 - INFO - Imagem inserida: 05.jpg
2025-09-26 12:21:25,687 - INFO - Imagem inserida: 06.jpg
2025-09-26 12:21:25,699 - INFO - Imagem inserida: 07.jpg
2025-09-26 12:21:25,711 - INFO - Imagem inserida: 08.jpg
2025-09-26 12:21:25,724 - INFO - Imagem inserida: 01.jpg
2025-09-26 12:21:25,730 - INFO - Imagem inserida: 02.jpg
2025-09-26 12:21:25,748 - INFO - Imagem inserida: 03.jpg
2025-09-26 12:21:25,762 - INFO - Imagem inserida: 04.jpg
2025-09-26 12:21:25,777 - INFO - Imagem inserida: 05.jpg
2025-09-26 12:21:25,793 - INFO - Imagem inserida: 06.jpg
2025-09-26 12:21:25,803 - INFO - Imagem inserida: 07.jpg
2025-09-26 12:21:25,819 - INFO - Imagem inserida: 09.jpg
2025-09-26 12:21:25,832 - INFO - Imagem inserida: 10.jpg
2025-09-26 12:21:25,848 - INFO - Imagem inserida: 11.jpg
2025-09-26 12:21:25,861 - INFO - Imagem inserida: 01-imediato-mensal.jpg
2025-09-26 12:21:25,889 - INFO - Imagem inserida: 02-imediato-mensal.jpg
2025-09-26 12:21:25,908 - INFO - Imagem inserida: 03-imediato-mensal.jpg
2025-09-26 12:21:25,924 - INFO - Imagem inserida: 04-imediato-mensal.jpg
2025-09-26 12:21:25,940 - INFO - Imagem inserida: 05-imediato-mensal.jpg
2025-09-26 12:21:25,958 - INFO - Imagem inserida: 06-imediato-mensal.jpg
2025-09-26 12:21:25,975 - INFO - Imagem inserida: 07-imediato-semanal.jpg
2025-09-26 12:21:25,986 - INFO - Imagem inserida: 08-imediato-semanal.jpg
2025-09-26 12:21:26,011 - INFO - Imagem inserida: 09-imediato-semanal.jpg
2025-09-26 12:21:26,020 - INFO - Imagem inserida: 10-imediato-semanal.jpg
2025-09-26 12:21:26,039 - INFO - Imagem inserida: 11-imediato-semanal.jpg
2025-09-26 12:21:26,064 - INFO - Imagem inserida: 12-agendamento-mensal.jpg
2025-09-26 12:21:26,081 - INFO - Imagem inserida: 13-agendamento-mensal.jpg
2025-09-26 12:21:26,103 - INFO - Imagem inserida: 14-agendamento-mensal.jpg
2025-09-26 12:21:26,124 - INFO - Imagem inserida: 15-agendamento-mensal.jpg
2025-09-26 12:21:26,143 - INFO - Imagem inserida: 16-agendamento-mensal.jpg
2025-09-26 12:21:26,159 - INFO - Imagem inserida: 17-agendamento-mensal.jpg
2025-09-26 12:21:26,186 - INFO - Imagem inserida: 18-agendamento-semanal.jpg
2025-09-26 12:21:26,207 - INFO - Imagem inserida: 19-agendamento-semanal.jpg
2025-09-26 12:21:26,227 - INFO - Imagem inserida: 20-agendamento-semanal.jpg
2025-09-26 12:21:26,249 - INFO - Imagem inserida: 21-agendamento-semanal.jpg
2025-09-26 12:21:26,270 - INFO - Imagem inserida: 22-agendamento-semanal.jpg
2025-09-26 12:21:26,296 - INFO - Imagem inserida: 23-agendamento-semanal.jpg
2025-09-26 12:21:26,328 - INFO - Imagem inserida: 01.jpg
2025-09-26 12:21:26,357 - INFO - Imagem inserida: 02-mensal.jpg
2025-09-26 12:21:26,382 - INFO - Imagem inserida: 03-mensal.jpg
2025-09-26 12:21:26,407 - INFO - Imagem inserida: 04-mensal.jpg
2025-09-26 12:21:26,431 - INFO - Imagem inserida: 05-semanal.jpg
2025-09-26 12:21:26,455 - INFO - Imagem inserida: 06-semanal.jpg
2025-09-26 12:21:26,477 - INFO - Imagem inserida: 07-semanal.jpg
2025-09-26 12:21:26,502 - INFO - Imagem inserida: 08-semanal.jpg
2025-09-26 12:21:26,519 - INFO - Imagem inserida: 09-agendamento-mensal.jpg
2025-09-26 12:21:26,541 - INFO - Imagem inserida: 10-agendamento-mensal.jpg
2025-09-26 12:21:26,572 - INFO - Imagem inserida: 11-agendamento-mensal.jpg
2025-09-26 12:21:26,600 - INFO - Imagem inserida: 12-agendamento-mensal.jpg
2025-09-26 12:21:26,613 - INFO - Imagem inserida: 13-agendamento-semanal.jpg
2025-09-26 12:21:26,641 - INFO - Imagem inserida: 14-agendamento-semanal.jpg
2025-09-26 12:21:26,676 - INFO - Imagem inserida: 15-agendamento-semanal.jpg
2025-09-26 12:21:26,691 - INFO - Imagem inserida: 16-agendamento-semanal.jpg
2025-09-26 12:21:26,722 - INFO - Imagem inserida: 01-imediato-mensal.jpg
2025-09-26 12:21:26,754 - INFO - Imagem inserida: 02-imediato-mensal.jpg
2025-09-26 12:21:26,786 - INFO - Imagem inserida: 03-imediato-mensal.jpg
2025-09-26 12:21:26,813 - INFO - Imagem inserida: 04-imediato-mensal.jpg
2025-09-26 12:21:26,836 - INFO - Imagem inserida: 05-imediato-mensal.jpg
2025-09-26 12:21:26,864 - INFO - Imagem inserida: 06-imediato-mensal.jpg
2025-09-26 12:21:27,007 - INFO - Imagem inserida: 07-imediato-semanal.jpg
2025-09-26 12:21:27,025 - INFO - Imagem inserida: 08-imediato-semanal.jpg
2025-09-26 12:21:27,054 - INFO - Imagem inserida: 09-imediato-semanal.jpg
2025-09-26 12:21:27,082 - INFO - Imagem inserida: 10-imediato-semanal.jpg
2025-09-26 12:21:27,122 - INFO - Imagem inserida: 11-imediato-semanal.jpg
2025-09-26 12:21:27,154 - INFO - Imagem inserida: 12-imediato-semanal.jpg
2025-09-26 12:21:27,191 - INFO - Imagem inserida: 13-agendamento-mensal.jpg
2025-09-26 12:21:27,230 - INFO - Imagem inserida: 14-agendamento-mensal.jpg
2025-09-26 12:21:27,273 - INFO - Imagem inserida: 15-agendamento-mensal.jpg
2025-09-26 12:21:27,307 - INFO - Imagem inserida: 16-agendamento-mensal.jpg
2025-09-26 12:21:27,360 - INFO - Imagem inserida: 17-agendamento-mensal.jpg
2025-09-26 12:21:27,395 - INFO - Imagem inserida: 18-agendamento-mensal.jpg
2025-09-26 12:21:27,443 - INFO - Imagem inserida: 19-agendamento-mensal.jpg
2025-09-26 12:21:27,495 - INFO - Imagem inserida: 20-agendamento-semanal.jpg
2025-09-26 12:21:27,538 - INFO - Imagem inserida: 21-agendamento-semanal.jpg
2025-09-26 12:21:27,580 - INFO - Imagem inserida: 22-agendamento-semanal.jpg
2025-09-26 12:21:27,627 - INFO - Imagem inserida: 23-agendamento-semanal.jpg
2025-09-26 12:21:27,668 - INFO - Imagem inserida: 24-agendamento-semanal.jpg
2025-09-26 12:21:27,716 - INFO - Imagem inserida: 25-agendamento-semanal.jpg
2025-09-26 12:21:27,763 - INFO - Imagem inserida: 01-mensal.jpg
2025-09-26 12:21:27,813 - INFO - Imagem inserida: 02-mensal.jpg
2025-09-26 12:21:27,857 - INFO - Imagem inserida: 03-mensal.jpg
2025-09-26 12:21:27,896 - INFO - Imagem inserida: 04-mensal.jpg
2025-09-26 12:21:27,946 - INFO - Imagem inserida: 05-semanal.jpg
2025-09-26 12:21:27,998 - INFO - Imagem inserida: 06-semanal.jpg
2025-09-26 12:21:28,037 - INFO - Imagem inserida: 07-semanal.jpg
2025-09-26 12:21:28,081 - INFO - Imagem inserida: 08-semanal.jpg
2025-09-26 12:21:28,129 - INFO - Imagem inserida: 01-mensal.jpg
2025-09-26 12:21:28,206 - INFO - Imagem inserida: 02-mensal.jpg
2025-09-26 12:21:28,261 - INFO - Imagem inserida: 03-mensal.jpg
2025-09-26 12:21:28,305 - INFO - Imagem inserida: 04-mensal.jpg
2025-09-26 12:21:28,344 - INFO - Imagem inserida: 05-semanal.jpg
2025-09-26 12:21:28,386 - INFO - Imagem inserida: 06-semanal.jpg
2025-09-26 12:21:28,423 - INFO - Imagem inserida: 07-semanal.jpg
2025-09-26 12:21:28,455 - INFO - Imagem inserida: 08-semanal.jpg
2025-09-26 12:21:28,489 - INFO - Imagem inserida: 01-mensal.jpg
2025-09-26 12:21:28,534 - INFO - Imagem inserida: 02-mensal.jpg
2025-09-26 12:21:28,567 - INFO - Imagem inserida: 03-mensal.jpg
2025-09-26 12:21:28,621 - INFO - Imagem inserida: 04-mensal.jpg
2025-09-26 12:21:28,660 - INFO - Imagem inserida: 05-semanal.jpg
2025-09-26 12:21:28,695 - INFO - Imagem inserida: 06-semanal.jpg
2025-09-26 12:21:28,719 - INFO - Imagem inserida: 07-semanal.jpg
2025-09-26 12:21:28,767 - INFO - Imagem inserida: 08-semanal.jpg
2025-09-26 12:21:28,813 - INFO - Imagem inserida: 01-devolução pix.jpg
2025-09-26 12:21:28,862 - INFO - Imagem inserida: 02-pix por dados bancarios.jpg
2025-09-26 12:21:28,911 - INFO - Imagem inserida: 03-pix por chaves.jpg
2025-09-26 12:21:28,954 - INFO - Imagem inserida: 04-pix copia e cola.jpg
2025-09-26 12:21:29,007 - INFO - Imagem inserida: 01-recorrencia mensal.jpg
2025-09-26 12:21:29,048 - INFO - Imagem inserida: 02-recorrencia semanal.jpg
2025-09-26 12:21:29,112 - INFO - Imagem inserida: 03-sem recorrencia.jpg
2025-09-26 12:21:29,157 - INFO - Imagem inserida: 01-com recorrencia.jpg
2025-09-26 12:21:29,207 - INFO - Imagem inserida: 02-sem recorrencia.jpg
2025-09-26 12:21:29,255 - INFO - Imagem inserida: 01.jpg
2025-09-26 12:21:29,298 - INFO - Imagem inserida: 02.jpg
2025-09-26 12:21:29,348 - INFO - Imagem inserida: 03.jpg
2025-09-26 12:21:29,401 - INFO - Imagem inserida: 01.jpg
2025-09-26 12:21:29,441 - INFO - Imagem inserida: 02.jpg
2025-09-26 12:21:29,486 - INFO - Imagem inserida: 03.jpg
2025-09-26 12:21:29,626 - INFO - Imagem inserida: 05.jpg
2025-09-26 12:21:29,685 - INFO - Imagem inserida: 01-TEST_PSCECATPZ-4022.jpg
2025-09-26 12:21:29,735 - INFO - Imagem inserida: 01-TEST_PSCECATPZ-4023.jpg
2025-09-26 12:21:29,793 - INFO - Imagem inserida: 01-TEST.jpg
2025-09-26 12:21:29,847 - INFO - Imagem inserida: 01-TEST_PSCECATPZ-4028.jpg
2025-09-26 12:21:29,904 - INFO - Imagem inserida: 01.jpg
2025-09-26 12:21:29,954 - INFO - Imagem inserida: 02.jpg
2025-09-26 12:21:30,009 - INFO - Imagem inserida: 03.jpg
2025-09-26 12:21:30,057 - INFO - Imagem inserida: 04.jpg
2025-09-26 12:21:30,109 - INFO - Imagem inserida: 05.jpg
2025-09-26 12:21:30,109 - INFO - Página 'TODOS OS DIREITOS RESERVADOS' movida para o final do documento
2025-09-26 12:21:32,952 - INFO - Documento salvo: C:/Users/alessandro.melo/OneDrive - Stefanini/Ailos/SISTEMA-GERADOR-DE-EVIDENCIAS/Modelo de doc para geracao/RELEASE NOTE - PROJETO AILOS - VERSÃO V00XC001RXXX - 26092025.docx
2025-09-26 13:08:57,895 - INFO - Iniciando processamento do diretório: C:\Users\alessandro.melo\OneDrive - Stefanini\Ailos\IB\Testes\Test\01-09-2025_4.1.266
2025-09-26 13:08:57,935 - INFO - Template carregado: C:\Users\alessandro.melo\OneDrive - Stefanini\Ailos\SISTEMA-GERADOR-DE-EVIDENCIAS\Modelo de doc para geracao\EVIDENCIAS - MODELO.docx
2025-09-26 13:08:57,939 - INFO - Pasta processada: Evidências (nível 0) - 0 imagens
2025-09-26 13:08:57,941 - INFO - Pasta processada: 1189762 [PRJ0025512] [Conta Online] Alterar tela de motivos para contestação de Pix no Conta Online (nível 1) - 0 imagens
2025-09-26 13:08:57,942 - INFO - Pasta processada: Pix Automatico (nível 2) - 10 imagens
2025-09-26 13:08:57,944 - INFO - Pasta processada: Pix Normal (nível 2) - 10 imagens
2025-09-26 13:08:57,945 - INFO - Pasta processada: 1222992 - [PRJ0025512] [Conta Online] Incluir filtro SITUAÇÃO na tela de listagem de contestações de Pix no Conta Online (nível 1) - 3 imagens
2025-09-26 13:08:58,010 - INFO - Imagem inserida: 01.jpg
2025-09-26 13:08:58,016 - INFO - Imagem inserida: 02.jpg
2025-09-26 13:08:58,023 - INFO - Imagem inserida: 03.jpg
2025-09-26 13:08:58,030 - INFO - Imagem inserida: 04.jpg
2025-09-26 13:08:58,036 - INFO - Imagem inserida: 05.jpg
2025-09-26 13:08:58,044 - INFO - Imagem inserida: 06.jpg
2025-09-26 13:08:58,051 - INFO - Imagem inserida: 07.jpg
2025-09-26 13:08:58,060 - INFO - Imagem inserida: 08.jpg
2025-09-26 13:08:58,066 - INFO - Imagem inserida: 09.jpg
2025-09-26 13:08:58,075 - INFO - Imagem inserida: 10-tela de erro.jpg
2025-09-26 13:08:58,086 - INFO - Imagem inserida: 01.jpg
2025-09-26 13:08:58,093 - INFO - Imagem inserida: 02.jpg
2025-09-26 13:08:58,102 - INFO - Imagem inserida: 03.jpg
2025-09-26 13:08:58,112 - INFO - Imagem inserida: 04.jpg
2025-09-26 13:08:58,121 - INFO - Imagem inserida: 05.jpg
2025-09-26 13:08:58,130 - INFO - Imagem inserida: 06.jpg
2025-09-26 13:08:58,140 - INFO - Imagem inserida: 07.jpg
2025-09-26 13:08:58,151 - INFO - Imagem inserida: 08.jpg
2025-09-26 13:08:58,162 - INFO - Imagem inserida: 09.jpg
2025-09-26 13:08:58,172 - INFO - Imagem inserida: 10.jpg
2025-09-26 13:08:58,186 - INFO - Imagem inserida: 01-situacao Em Analise.jpg
2025-09-26 13:08:58,198 - INFO - Imagem inserida: 02-situacao Aceita.jpg
2025-09-26 13:08:58,209 - INFO - Imagem inserida: 03-situacao Cancelada.jpg
2025-09-26 13:08:58,212 - INFO - Página 'TODOS OS DIREITOS RESERVADOS' movida para o final do documento
2025-09-26 13:08:58,401 - INFO - Documento salvo: C:/Users/alessandro.melo/OneDrive - Stefanini/Ailos/SISTEMA-GERADOR-DE-EVIDENCIAS/Modelo de doc para geracao/RELEASE NOTE - PROJETO AILOS - VERSÃO V00XC001RXXX - 26092025.docx
2025-09-26 13:56:45,274 - INFO - Iniciando processamento do diretório: C:\Users\alessandro.melo\OneDrive - Stefanini\Ailos\IB\Testes\Test\12-09-2025_4.1.267
2025-09-26 13:56:45,320 - INFO - Template carregado: C:\Users\alessandro.melo\OneDrive - Stefanini\Ailos\SISTEMA-GERADOR-DE-EVIDENCIAS\Modelo de doc para geracao\EVIDENCIAS - MODELO.docx
2025-09-26 13:56:45,321 - INFO - Pasta processada: Evidências (nível 0) - 0 imagens
2025-09-26 13:56:45,322 - INFO - Pasta processada: 1002316 - [INC0367451] - Pix - Agendamentos iguais estão sendo permitidos no Conta Online (nível 1) - 0 imagens
2025-09-26 13:56:45,325 - INFO - Pasta processada: Pix Copia e Cola (nível 2) - 9 imagens
2025-09-26 13:56:45,326 - INFO - Pasta processada: Pix por Chaves (nível 2) - 8 imagens
2025-09-26 13:56:45,328 - INFO - Pasta processada: Pix por Dados Bancarios (nível 2) - 10 imagens
2025-09-26 13:56:45,329 - INFO - Pasta processada: 1173067 - [Squad PIX Recebimentos]  [Conta Online]  [Frontend]  Agendamento recorrente com Pix Imediato (nível 1) - 0 imagens
2025-09-26 13:56:45,330 - INFO - Pasta processada: Pix Copia e Cola (nível 2) - 23 imagens
2025-09-26 13:56:45,332 - INFO - Pasta processada: Pix por Chaves (nível 2) - 16 imagens
2025-09-26 13:56:45,333 - INFO - Pasta processada: Pix por Dados Manuais (nível 2) - 25 imagens
2025-09-26 13:56:45,334 - INFO - Pasta processada: 1173068 - [Squad PIX Recebimentos]  [Conta Online]  [Backend]  Agendamento recorrente com Pix Imediato (nível 1) - 0 imagens
2025-09-26 13:56:45,336 - INFO - Pasta processada: Pix Copia e Cola (nível 2) - 8 imagens
2025-09-26 13:56:45,337 - INFO - Pasta processada: Pix por chaves (nível 2) - 8 imagens
2025-09-26 13:56:45,338 - INFO - Pasta processada: Pix por Dados Bancários (nível 2) - 8 imagens
2025-09-26 13:56:45,340 - INFO - Pasta processada: 1184525 - [PRJ0025397][Conta Online][BFF] Adequar BFF para validar MFA e OFD ao validar transação (nível 1) - 4 imagens
2025-09-26 13:56:45,341 - INFO - Pasta processada: 1204988 - [Squad PIX Recebimentos]  [Conta Online]  [Frontend]  Agendamento recorrente com Pix Imediato - Comprovante Tela (nível 1) - 3 imagens
2025-09-26 13:56:45,343 - INFO - Pasta processada: 1204990 - [Squad PIX Recebimentos]  [Conta Online]  [PDF]  Agendamento recorrente com Pix Imediato - Comprovante PDF (nível 1) - 2 imagens
2025-09-26 13:56:45,344 - INFO - Pasta processada: 1204992 - [Squad PIX Recebimentos]  [Conta Online]  [Backend]  Agendamento recorrente com Pix Imediato - Comprovante (nível 1) - 3 imagens
2025-09-26 13:56:45,345 - INFO - Pasta processada: 1226112 - Validação ícones do comprovante - Conta Online (nível 1) - 4 imagens
2025-09-26 13:56:45,346 - INFO - Pasta processada: 1226491 - Homologação Ambiente QA (Pix Contestação) (nível 1) - 0 imagens
2025-09-26 13:56:45,347 - INFO - Pasta processada: 1230179 - Adicionar Imagem Contestação (nível 2) - 1 imagens
2025-09-26 13:56:45,349 - INFO - Pasta processada: 1230182 - Cores Status (nível 2) - 1 imagens
2025-09-26 13:56:45,351 - INFO - Pasta processada: 1230234 - Contestar - Situação Relato (nível 2) - 1 imagens
2025-09-26 13:56:45,352 - INFO - Pasta processada: 1231033 [Front-end] - Ajuste nos detalhes de uma contestação cancelada (nível 2) - 1 imagens
2025-09-26 13:56:45,353 - INFO - Pasta processada: 1229845 - [FrontEnd] Erro na Adesão ao Bolepix pela CO (nível 1) - 5 imagens
2025-09-26 13:56:45,483 - INFO - Imagem inserida: 01.jpg
2025-09-26 13:56:45,564 - INFO - Imagem inserida: 02.jpg
2025-09-26 13:56:45,647 - INFO - Imagem inserida: 03.jpg
2025-09-26 13:56:45,736 - INFO - Imagem inserida: 04.jpg
2025-09-26 13:56:45,831 - INFO - Imagem inserida: 05.jpg
2025-09-26 13:56:45,912 - INFO - Imagem inserida: 06.jpg
2025-09-26 13:56:46,001 - INFO - Imagem inserida: 07.jpg
2025-09-26 13:56:46,086 - INFO - Imagem inserida: 08.jpg
2025-09-26 13:56:46,171 - INFO - Imagem inserida: 09.jpg
2025-09-26 13:56:46,257 - INFO - Imagem inserida: 01.jpg
2025-09-26 13:56:46,337 - INFO - Imagem inserida: 02.jpg
2025-09-26 13:56:46,422 - INFO - Imagem inserida: 03.jpg
2025-09-26 13:56:46,519 - INFO - Imagem inserida: 04.jpg
2025-09-26 13:56:46,611 - INFO - Imagem inserida: 05.jpg
2025-09-26 13:56:46,688 - INFO - Imagem inserida: 06.jpg
2025-09-26 13:56:46,775 - INFO - Imagem inserida: 07.jpg
2025-09-26 13:56:46,877 - INFO - Imagem inserida: 08.jpg
2025-09-26 13:56:46,971 - INFO - Imagem inserida: 01.jpg
2025-09-26 13:56:47,060 - INFO - Imagem inserida: 02.jpg
2025-09-26 13:56:47,149 - INFO - Imagem inserida: 03.jpg
2025-09-26 13:56:47,255 - INFO - Imagem inserida: 04.jpg
2025-09-26 13:56:47,354 - INFO - Imagem inserida: 05.jpg
2025-09-26 13:56:47,446 - INFO - Imagem inserida: 06.jpg
2025-09-26 13:56:47,538 - INFO - Imagem inserida: 07.jpg
2025-09-26 13:56:47,631 - INFO - Imagem inserida: 09.jpg
2025-09-26 13:56:47,724 - INFO - Imagem inserida: 10.jpg
2025-09-26 13:56:47,820 - INFO - Imagem inserida: 11.jpg
2025-09-26 13:56:47,888 - INFO - Imagem inserida: 01-imediato-mensal.jpg
2025-09-26 13:56:47,941 - INFO - Imagem inserida: 02-imediato-mensal.jpg
2025-09-26 13:56:48,010 - INFO - Imagem inserida: 03-imediato-mensal.jpg
2025-09-26 13:56:48,074 - INFO - Imagem inserida: 04-imediato-mensal.jpg
2025-09-26 13:56:48,136 - INFO - Imagem inserida: 05-imediato-mensal.jpg
2025-09-26 13:56:48,194 - INFO - Imagem inserida: 06-imediato-mensal.jpg
2025-09-26 13:56:48,259 - INFO - Imagem inserida: 07-imediato-semanal.jpg
2025-09-26 13:56:48,324 - INFO - Imagem inserida: 08-imediato-semanal.jpg
2025-09-26 13:56:48,390 - INFO - Imagem inserida: 09-imediato-semanal.jpg
2025-09-26 13:56:48,463 - INFO - Imagem inserida: 10-imediato-semanal.jpg
2025-09-26 13:56:48,527 - INFO - Imagem inserida: 11-imediato-semanal.jpg
2025-09-26 13:56:48,590 - INFO - Imagem inserida: 12-agendamento-mensal.jpg
2025-09-26 13:56:48,653 - INFO - Imagem inserida: 13-agendamento-mensal.jpg
2025-09-26 13:56:48,721 - INFO - Imagem inserida: 14-agendamento-mensal.jpg
2025-09-26 13:56:48,776 - INFO - Imagem inserida: 15-agendamento-mensal.jpg
2025-09-26 13:56:48,847 - INFO - Imagem inserida: 16-agendamento-mensal.jpg
2025-09-26 13:56:48,917 - INFO - Imagem inserida: 17-agendamento-mensal.jpg
2025-09-26 13:56:48,983 - INFO - Imagem inserida: 18-agendamento-semanal.jpg
2025-09-26 13:56:49,049 - INFO - Imagem inserida: 19-agendamento-semanal.jpg
2025-09-26 13:56:49,119 - INFO - Imagem inserida: 20-agendamento-semanal.jpg
2025-09-26 13:56:49,182 - INFO - Imagem inserida: 21-agendamento-semanal.jpg
2025-09-26 13:56:49,252 - INFO - Imagem inserida: 22-agendamento-semanal.jpg
2025-09-26 13:56:49,321 - INFO - Imagem inserida: 23-agendamento-semanal.jpg
2025-09-26 13:56:49,422 - INFO - Imagem inserida: 01.jpg
2025-09-26 13:56:49,523 - INFO - Imagem inserida: 02-mensal.jpg
2025-09-26 13:56:49,618 - INFO - Imagem inserida: 03-mensal.jpg
2025-09-26 13:56:49,716 - INFO - Imagem inserida: 04-mensal.jpg
2025-09-26 13:56:49,816 - INFO - Imagem inserida: 05-semanal.jpg
2025-09-26 13:56:49,920 - INFO - Imagem inserida: 06-semanal.jpg
2025-09-26 13:56:50,027 - INFO - Imagem inserida: 07-semanal.jpg
2025-09-26 13:56:50,127 - INFO - Imagem inserida: 08-semanal.jpg
2025-09-26 13:56:50,224 - INFO - Imagem inserida: 09-agendamento-mensal.jpg
2025-09-26 13:56:50,319 - INFO - Imagem inserida: 10-agendamento-mensal.jpg
2025-09-26 13:56:50,422 - INFO - Imagem inserida: 11-agendamento-mensal.jpg
2025-09-26 13:56:50,523 - INFO - Imagem inserida: 12-agendamento-mensal.jpg
2025-09-26 13:56:50,622 - INFO - Imagem inserida: 13-agendamento-semanal.jpg
2025-09-26 13:56:50,725 - INFO - Imagem inserida: 14-agendamento-semanal.jpg
2025-09-26 13:56:50,823 - INFO - Imagem inserida: 15-agendamento-semanal.jpg
2025-09-26 13:56:50,925 - INFO - Imagem inserida: 16-agendamento-semanal.jpg
2025-09-26 13:56:50,999 - INFO - Imagem inserida: 01-imediato-mensal.jpg
2025-09-26 13:56:51,068 - INFO - Imagem inserida: 02-imediato-mensal.jpg
2025-09-26 13:56:51,140 - INFO - Imagem inserida: 03-imediato-mensal.jpg
2025-09-26 13:56:51,201 - INFO - Imagem inserida: 04-imediato-mensal.jpg
2025-09-26 13:56:51,287 - INFO - Imagem inserida: 05-imediato-mensal.jpg
2025-09-26 13:56:51,354 - INFO - Imagem inserida: 06-imediato-mensal.jpg
2025-09-26 13:56:51,423 - INFO - Imagem inserida: 07-imediato-semanal.jpg
2025-09-26 13:56:51,491 - INFO - Imagem inserida: 08-imediato-semanal.jpg
2025-09-26 13:56:51,573 - INFO - Imagem inserida: 09-imediato-semanal.jpg
2025-09-26 13:56:51,649 - INFO - Imagem inserida: 10-imediato-semanal.jpg
2025-09-26 13:56:51,720 - INFO - Imagem inserida: 11-imediato-semanal.jpg
2025-09-26 13:56:51,794 - INFO - Imagem inserida: 12-imediato-semanal.jpg
2025-09-26 13:56:51,861 - INFO - Imagem inserida: 13-agendamento-mensal.jpg
2025-09-26 13:56:51,933 - INFO - Imagem inserida: 14-agendamento-mensal.jpg
2025-09-26 13:56:52,010 - INFO - Imagem inserida: 15-agendamento-mensal.jpg
2025-09-26 13:56:52,081 - INFO - Imagem inserida: 16-agendamento-mensal.jpg
2025-09-26 13:56:52,149 - INFO - Imagem inserida: 17-agendamento-mensal.jpg
2025-09-26 13:56:52,218 - INFO - Imagem inserida: 18-agendamento-mensal.jpg
2025-09-26 13:56:52,294 - INFO - Imagem inserida: 19-agendamento-mensal.jpg
2025-09-26 13:56:52,367 - INFO - Imagem inserida: 20-agendamento-semanal.jpg
2025-09-26 13:56:52,440 - INFO - Imagem inserida: 21-agendamento-semanal.jpg
2025-09-26 13:56:52,513 - INFO - Imagem inserida: 22-agendamento-semanal.jpg
2025-09-26 13:56:52,583 - INFO - Imagem inserida: 23-agendamento-semanal.jpg
2025-09-26 13:56:52,658 - INFO - Imagem inserida: 24-agendamento-semanal.jpg
2025-09-26 13:56:52,729 - INFO - Imagem inserida: 25-agendamento-semanal.jpg
2025-09-26 13:56:52,829 - INFO - Imagem inserida: 01-mensal.jpg
2025-09-26 13:56:52,929 - INFO - Imagem inserida: 02-mensal.jpg
2025-09-26 13:56:53,035 - INFO - Imagem inserida: 03-mensal.jpg
2025-09-26 13:56:53,125 - INFO - Imagem inserida: 04-mensal.jpg
2025-09-26 13:56:53,220 - INFO - Imagem inserida: 05-semanal.jpg
2025-09-26 13:56:53,312 - INFO - Imagem inserida: 06-semanal.jpg
2025-09-26 13:56:53,424 - INFO - Imagem inserida: 07-semanal.jpg
2025-09-26 13:56:53,525 - INFO - Imagem inserida: 08-semanal.jpg
2025-09-26 13:56:53,632 - INFO - Imagem inserida: 01-mensal.jpg
2025-09-26 13:56:53,728 - INFO - Imagem inserida: 02-mensal.jpg
2025-09-26 13:56:53,838 - INFO - Imagem inserida: 03-mensal.jpg
2025-09-26 13:56:53,937 - INFO - Imagem inserida: 04-mensal.jpg
2025-09-26 13:56:54,036 - INFO - Imagem inserida: 05-semanal.jpg
2025-09-26 13:56:54,253 - INFO - Imagem inserida: 06-semanal.jpg
2025-09-26 13:56:54,358 - INFO - Imagem inserida: 07-semanal.jpg
2025-09-26 13:56:54,454 - INFO - Imagem inserida: 08-semanal.jpg
2025-09-26 13:56:54,556 - INFO - Imagem inserida: 01-mensal.jpg
2025-09-26 13:56:54,658 - INFO - Imagem inserida: 02-mensal.jpg
2025-09-26 13:56:54,768 - INFO - Imagem inserida: 03-mensal.jpg
2025-09-26 13:56:54,865 - INFO - Imagem inserida: 04-mensal.jpg
2025-09-26 13:56:54,977 - INFO - Imagem inserida: 05-semanal.jpg
2025-09-26 13:56:55,089 - INFO - Imagem inserida: 06-semanal.jpg
2025-09-26 13:56:55,216 - INFO - Imagem inserida: 07-semanal.jpg
2025-09-26 13:56:55,318 - INFO - Imagem inserida: 08-semanal.jpg
2025-09-26 13:56:55,423 - INFO - Imagem inserida: 01-devolução pix.jpg
2025-09-26 13:56:55,544 - INFO - Imagem inserida: 02-pix por dados bancarios.jpg
2025-09-26 13:56:55,640 - INFO - Imagem inserida: 03-pix por chaves.jpg
2025-09-26 13:56:55,739 - INFO - Imagem inserida: 04-pix copia e cola.jpg
2025-09-26 13:56:55,825 - INFO - Imagem inserida: 01-recorrencia mensal.jpg
2025-09-26 13:56:55,904 - INFO - Imagem inserida: 02-recorrencia semanal.jpg
2025-09-26 13:56:55,988 - INFO - Imagem inserida: 03-sem recorrencia.jpg
2025-09-26 13:56:56,111 - INFO - Imagem inserida: 01-com recorrencia.jpg
2025-09-26 13:56:56,225 - INFO - Imagem inserida: 02-sem recorrencia.jpg
2025-09-26 13:56:56,337 - INFO - Imagem inserida: 01.jpg
2025-09-26 13:56:56,448 - INFO - Imagem inserida: 02.jpg
2025-09-26 13:56:56,558 - INFO - Imagem inserida: 03.jpg
2025-09-26 13:56:56,668 - INFO - Imagem inserida: 01.jpg
2025-09-26 13:56:56,776 - INFO - Imagem inserida: 02.jpg
2025-09-26 13:56:56,928 - INFO - Imagem inserida: 03.jpg
2025-09-26 13:56:57,054 - INFO - Imagem inserida: 05.jpg
2025-09-26 13:56:57,176 - INFO - Imagem inserida: 01-TEST_PSCECATPZ-4022.jpg
2025-09-26 13:56:57,298 - INFO - Imagem inserida: 01-TEST_PSCECATPZ-4023.jpg
2025-09-26 13:56:57,414 - INFO - Imagem inserida: 01-TEST.jpg
2025-09-26 13:56:57,531 - INFO - Imagem inserida: 01-TEST_PSCECATPZ-4028.jpg
2025-09-26 13:56:57,651 - INFO - Imagem inserida: 01.jpg
2025-09-26 13:56:57,757 - INFO - Imagem inserida: 02.jpg
2025-09-26 13:56:57,864 - INFO - Imagem inserida: 03.jpg
2025-09-26 13:56:57,970 - INFO - Imagem inserida: 04.jpg
2025-09-26 13:56:58,076 - INFO - Imagem inserida: 05.jpg
2025-09-26 13:56:58,077 - INFO - Página 'TODOS OS DIREITOS RESERVADOS' movida para o final do documento
2025-09-26 13:56:58,425 - INFO - Documento salvo: C:/Users/alessandro.melo/OneDrive - Stefanini/Ailos/SISTEMA-GERADOR-DE-EVIDENCIAS/Modelo de doc para geracao/RELEASE NOTE - PROJETO AILOS - VERSÃO V00XC001RXXX - 26092025.docx
2025-09-26 14:00:45,697 - INFO - Iniciando processamento do diretório: C:\Users\alessandro.melo\OneDrive - Stefanini\Ailos\IB\Testes\Test\12-07-2025_4.1.256
2025-09-26 14:00:45,729 - INFO - Template carregado: C:\Users\alessandro.melo\OneDrive - Stefanini\Ailos\SISTEMA-GERADOR-DE-EVIDENCIAS\Modelo de doc para geracao\EVIDENCIAS - MODELO.docx
2025-09-26 14:00:45,731 - INFO - Pasta processada: Evidências (nível 0) - 0 imagens
2025-09-26 14:00:45,732 - INFO - Pasta processada: 1112954 - PRJ0025328 Bolepix - Validar chamada da Conta Online para emissão de boletos (nível 1) - 1 imagens
2025-09-26 14:00:45,733 - INFO - Pasta processada: Gerar boleto avulsos em lote (nível 2) - 5 imagens
2025-09-26 14:00:45,735 - INFO - Pasta processada: Gerar boletos parcelados em lote (nível 2) - 8 imagens
2025-09-26 14:00:45,737 - INFO - Pasta processada: Gerar carnês de boletos em lote (nível 2) - 8 imagens
2025-09-26 14:00:45,738 - INFO - Pasta processada: 1112967 - PRJ0025328 Bolepix - Validar consulta do lote durante a emissão de boletos na Conta Online (nível 1) - 5 imagens
2025-09-26 14:00:45,740 - INFO - Pasta processada: 1112983 - PRJ0025328 Bolepix - Validar regra para tempo de espera na geração do boleto em andamento na Conta Online (nível 1) - 2 imagens
2025-09-26 14:00:45,742 - INFO - Pasta processada: 1125595 - PRJ0025328 Bolepix - Gerar PDF do boleto com download automático (nível 1) - 3 imagens
2025-09-26 14:00:45,743 - INFO - Pasta processada: 1125600 - PRJ0025328 Bolepix - Baixar o PDF do boleto (nível 1) - 13 imagens
2025-09-26 14:00:45,745 - INFO - Pasta processada: 1135357 - PRJ0025328 Bolepix - Alterar nomenclatura na tela de Cobrança na Conta Online (nível 1) - 9 imagens
2025-09-26 14:00:45,746 - INFO - Pasta processada: 1135392 - PRJ0025328 Bolepix - Solicitar PDF no menu de Boletos emitidos (nível 1) - 20 imagens
2025-09-26 14:00:45,829 - INFO - Imagem inserida: 01.jpg
2025-09-26 14:00:45,893 - INFO - Imagem inserida: 01-Gerar boleto avulsos em lote.jpg
2025-09-26 14:00:45,953 - INFO - Imagem inserida: 02-Gerar boleto avulsos em lote.jpg
2025-09-26 14:00:46,010 - INFO - Imagem inserida: 03-Gerar boleto avulsos em lote.jpg
2025-09-26 14:00:46,077 - INFO - Imagem inserida: 04-Gerar boleto avulsos em lote.jpg
2025-09-26 14:00:46,162 - INFO - Imagem inserida: 05-Gerar boleto avulsos em lote.jpg
2025-09-26 14:00:46,226 - INFO - Imagem inserida: 01.jpg
2025-09-26 14:00:46,287 - INFO - Imagem inserida: 02.jpg
2025-09-26 14:00:46,381 - INFO - Imagem inserida: 03.jpg
2025-09-26 14:00:46,444 - INFO - Imagem inserida: 04.jpg
2025-09-26 14:00:46,507 - INFO - Imagem inserida: 05.jpg
2025-09-26 14:00:46,572 - INFO - Imagem inserida: 06.jpg
2025-09-26 14:00:46,635 - INFO - Imagem inserida: 07.jpg
2025-09-26 14:00:46,700 - INFO - Imagem inserida: 08.jpg
2025-09-26 14:00:46,765 - INFO - Imagem inserida: 01.jpg
2025-09-26 14:00:46,828 - INFO - Imagem inserida: 02.jpg
2025-09-26 14:00:46,918 - INFO - Imagem inserida: 03.jpg
2025-09-26 14:00:46,981 - INFO - Imagem inserida: 04.jpg
2025-09-26 14:00:47,047 - INFO - Imagem inserida: 05.jpg
2025-09-26 14:00:47,113 - INFO - Imagem inserida: 06.jpg
2025-09-26 14:00:47,177 - INFO - Imagem inserida: 07.jpg
2025-09-26 14:00:47,239 - INFO - Imagem inserida: 08.jpg
2025-09-26 14:00:47,309 - INFO - Imagem inserida: 01-TRN-674.8.jpg
2025-09-26 14:00:47,376 - INFO - Imagem inserida: 02-TRN-674.8.jpg
2025-09-26 14:00:47,444 - INFO - Imagem inserida: 03-TRN-674.8.jpg
2025-09-26 14:00:47,510 - INFO - Imagem inserida: 04-TRN-674.8.jpg
2025-09-26 14:00:47,608 - INFO - Imagem inserida: 05-TRN-674.8.jpg
2025-09-26 14:00:47,669 - INFO - Imagem inserida: 01.jpg
2025-09-26 14:00:47,739 - INFO - Imagem inserida: 02.jpg
2025-09-26 14:00:47,807 - INFO - Imagem inserida: 05.jpg
2025-09-26 14:00:47,873 - INFO - Imagem inserida: 06.jpg
2025-09-26 14:00:47,938 - INFO - Imagem inserida: 07.jpg
2025-09-26 14:00:48,005 - INFO - Imagem inserida: 01.jpg
2025-09-26 14:00:48,074 - INFO - Imagem inserida: 02.jpg
2025-09-26 14:00:48,143 - INFO - Imagem inserida: 03.jpg
2025-09-26 14:00:48,212 - INFO - Imagem inserida: 04.jpg
2025-09-26 14:00:48,279 - INFO - Imagem inserida: 05.jpg
2025-09-26 14:00:48,342 - INFO - Imagem inserida: 06.jpg
2025-09-26 14:00:48,410 - INFO - Imagem inserida: 07.jpg
2025-09-26 14:00:48,478 - INFO - Imagem inserida: 08.jpg
2025-09-26 14:00:48,546 - INFO - Imagem inserida: 09.jpg
2025-09-26 14:00:48,602 - INFO - Imagem inserida: 10.jpg
2025-09-26 14:00:48,667 - INFO - Imagem inserida: 11.jpg
2025-09-26 14:00:48,732 - INFO - Imagem inserida: 12.jpg
2025-09-26 14:00:48,802 - INFO - Imagem inserida: 13.jpg
2025-09-26 14:00:48,874 - INFO - Imagem inserida: 01.jpg
2025-09-26 14:00:48,950 - INFO - Imagem inserida: 02.jpg
2025-09-26 14:00:49,015 - INFO - Imagem inserida: 03.jpg
2025-09-26 14:00:49,084 - INFO - Imagem inserida: 04.jpg
2025-09-26 14:00:49,154 - INFO - Imagem inserida: 05.jpg
2025-09-26 14:00:49,214 - INFO - Imagem inserida: 06.jpg
2025-09-26 14:00:49,290 - INFO - Imagem inserida: 07.jpg
2025-09-26 14:00:49,358 - INFO - Imagem inserida: 08.jpg
2025-09-26 14:00:49,424 - INFO - Imagem inserida: 09.jpg
2025-09-26 14:00:49,501 - INFO - Imagem inserida: 01.1.jpg
2025-09-26 14:00:49,570 - INFO - Imagem inserida: 01.jpg
2025-09-26 14:00:49,641 - INFO - Imagem inserida: 02.jpg
2025-09-26 14:00:49,710 - INFO - Imagem inserida: 03.jpg
2025-09-26 14:00:49,780 - INFO - Imagem inserida: 04.jpg
2025-09-26 14:00:49,850 - INFO - Imagem inserida: 05.jpg
2025-09-26 14:00:49,924 - INFO - Imagem inserida: 06.jpg
2025-09-26 14:00:50,001 - INFO - Imagem inserida: 07.jpg
2025-09-26 14:00:50,070 - INFO - Imagem inserida: 08.jpg
2025-09-26 14:00:50,137 - INFO - Imagem inserida: 09.jpg
2025-09-26 14:00:50,207 - INFO - Imagem inserida: 10.jpg
2025-09-26 14:00:50,276 - INFO - Imagem inserida: 11.jpg
2025-09-26 14:00:50,344 - INFO - Imagem inserida: 12.jpg
2025-09-26 14:00:50,411 - INFO - Imagem inserida: 13.jpg
2025-09-26 14:00:50,484 - INFO - Imagem inserida: 14.jpg
2025-09-26 14:00:50,554 - INFO - Imagem inserida: 15.jpg
2025-09-26 14:00:50,626 - INFO - Imagem inserida: 16.jpg
2025-09-26 14:00:50,700 - INFO - Imagem inserida: 17.jpg
2025-09-26 14:00:50,770 - INFO - Imagem inserida: 18.jpg
2025-09-26 14:00:50,841 - INFO - Imagem inserida: 19.jpg
2025-09-26 14:00:50,842 - INFO - Página 'TODOS OS DIREITOS RESERVADOS' movida para o final do documento
2025-09-26 14:00:51,079 - INFO - Documento salvo: C:/Users/alessandro.melo/OneDrive - Stefanini/Ailos/SISTEMA-GERADOR-DE-EVIDENCIAS/Modelo de doc para geracao/RELEASE NOTE - PROJETO AILOS - VERSÃO V00XC001RXXX - 26092025.docx
2025-09-26 14:04:25,367 - INFO - Iniciando processamento do diretório: C:\Users\alessandro.melo\OneDrive - Stefanini\Ailos\IB\Testes\Test\09-05-2025_4.1.248
2025-09-26 14:04:25,401 - INFO - Template carregado: C:\Users\alessandro.melo\OneDrive - Stefanini\Ailos\SISTEMA-GERADOR-DE-EVIDENCIAS\Modelo de doc para geracao\EVIDENCIAS - MODELO.docx
2025-09-26 14:04:25,439 - INFO - Pasta processada: Evidências (nível 0) - 0 imagens
2025-09-26 14:04:25,442 - INFO - Pasta processada: 1113047 - [PRJ0025384][Credenciais] - CO - Criação da tela Obter Chaves Descriptografia (nível 1) - 6 imagens
2025-09-26 14:04:25,442 - INFO - Pasta processada: 1120765 - [INC0402091] - Erro emissão de boletos na Conta Online (nível 1) - 2 imagens
2025-09-26 14:04:25,442 - INFO - Pasta processada: 965757 - [PRJ0025273]Conta Online - Criação Tela de Pagamentos Agendados Automáticos - Front (nível 1) - 0 imagens
2025-09-26 14:04:25,442 - INFO - Pasta processada: Agendamento Cancelado (nível 2) - 2 imagens
2025-09-26 14:04:25,445 - INFO - Pasta processada: Cancelamento não Permitido (nível 2) - 4 imagens
2025-09-26 14:04:25,446 - INFO - Pasta processada: Cancelar Agendamento (nível 2) - 6 imagens
2025-09-26 14:04:25,448 - INFO - Pasta processada: Filtros (nível 2) - 7 imagens
2025-09-26 14:04:25,583 - INFO - Imagem inserida: 01.jpg
2025-09-26 14:04:25,589 - INFO - Imagem inserida: 02.jpg
2025-09-26 14:04:25,595 - INFO - Imagem inserida: 03.jpg
2025-09-26 14:04:25,602 - INFO - Imagem inserida: 04.jpg
2025-09-26 14:04:25,610 - INFO - Imagem inserida: 05.jpg
2025-09-26 14:04:25,651 - INFO - Imagem inserida: 06.jpg
2025-09-26 14:04:25,661 - INFO - Imagem inserida: 01.jpg
2025-09-26 14:04:25,670 - INFO - Imagem inserida: 02.jpg
2025-09-26 14:04:25,683 - INFO - Imagem inserida: 01.jpg
2025-09-26 14:04:25,692 - INFO - Imagem inserida: 02.jpg
2025-09-26 14:04:25,706 - INFO - Imagem inserida: 01.jpg
2025-09-26 14:04:25,716 - INFO - Imagem inserida: 02.jpg
2025-09-26 14:04:25,728 - INFO - Imagem inserida: 03.jpg
2025-09-26 14:04:25,738 - INFO - Imagem inserida: 04.jpg
2025-09-26 14:04:25,752 - INFO - Imagem inserida: 01.jpg
2025-09-26 14:04:25,763 - INFO - Imagem inserida: 02.jpg
2025-09-26 14:04:25,775 - INFO - Imagem inserida: 03.jpg
2025-09-26 14:04:25,786 - INFO - Imagem inserida: 04.jpg
2025-09-26 14:04:25,798 - INFO - Imagem inserida: 05.jpg
2025-09-26 14:04:25,810 - INFO - Imagem inserida: 06.jpg
2025-09-26 14:04:25,822 - INFO - Imagem inserida: 01.1.jpg
2025-09-26 14:04:25,842 - INFO - Imagem inserida: 01.jpg
2025-09-26 14:04:25,854 - INFO - Imagem inserida: 02.jpg
2025-09-26 14:04:25,867 - INFO - Imagem inserida: 03.jpg
2025-09-26 14:04:25,880 - INFO - Imagem inserida: 04.jpg
2025-09-26 14:04:25,895 - INFO - Imagem inserida: 06.jpg
2025-09-26 14:04:25,911 - INFO - Imagem inserida: 5.jpg
2025-09-26 14:04:25,911 - INFO - Página 'TODOS OS DIREITOS RESERVADOS' movida para o final do documento
2025-09-26 14:04:26,200 - INFO - Documento salvo: C:/Users/alessandro.melo/OneDrive - Stefanini/Ailos/SISTEMA-GERADOR-DE-EVIDENCIAS/Modelo de doc para geracao/RELEASE NOTE - PROJETO AILOS - VERSÃO V00XC001RXXX - 26092025.docx
2025-09-26 14:08:01,480 - INFO - Iniciando processamento do diretório: C:\Users\alessandro.melo\OneDrive - Stefanini\Ailos\IB\Testes\Qa\10-09-2025_2.1.415
2025-09-26 14:08:01,517 - INFO - Template carregado: C:\Users\alessandro.melo\OneDrive - Stefanini\Ailos\SISTEMA-GERADOR-DE-EVIDENCIAS\Modelo de doc para geracao\EVIDENCIAS - MODELO.docx
2025-09-26 14:08:01,518 - INFO - Pasta processada: Evidências (nível 0) - 0 imagens
2025-09-26 14:08:01,519 - INFO - Pasta processada: 1226491 - Homologação Ambiente QA (Pix Contestação) (nível 1) - 0 imagens
2025-09-26 14:08:01,521 - INFO - Pasta processada: 1230179 - Adicionar Imagem Contestação (nível 2) - 1 imagens
2025-09-26 14:08:01,522 - INFO - Pasta processada: 1230182 - Cores Status (nível 2) - 1 imagens
2025-09-26 14:08:01,525 - INFO - Pasta processada: 1230234 - Contestar - Situação Relato (nível 2) - 1 imagens
2025-09-26 14:08:01,526 - INFO - Pasta processada: 1229845 - [FrontEnd] Erro na Adesão ao Bolepix pela CO (nível 1) - 0 imagens
2025-09-26 14:08:01,527 - INFO - Pasta processada: Chave aleatória cadastrada (nível 2) - 5 imagens
2025-09-26 14:08:01,528 - INFO - Pasta processada: Chave aleatória não cadastrada (nível 2) - 5 imagens
2025-09-26 14:08:01,568 - INFO - Imagem inserida: 01-QA_PSCECATPZ-4022.jpg
2025-09-26 14:08:01,577 - INFO - Imagem inserida: 01-QA_PSCECATPZ-4023.jpg
2025-09-26 14:08:01,583 - INFO - Imagem inserida: 01-QA_PSCECATPZ-4024.jpg
2025-09-26 14:08:01,592 - INFO - Imagem inserida: 01.jpg
2025-09-26 14:08:01,597 - INFO - Imagem inserida: 02.jpg
2025-09-26 14:08:01,604 - INFO - Imagem inserida: 03.jpg
2025-09-26 14:08:01,610 - INFO - Imagem inserida: 04.jpg
2025-09-26 14:08:01,616 - INFO - Imagem inserida: 05.jpg
2025-09-26 14:08:01,625 - INFO - Imagem inserida: 01.jpg
2025-09-26 14:08:01,632 - INFO - Imagem inserida: 02.jpg
2025-09-26 14:08:01,641 - INFO - Imagem inserida: 03.jpg
2025-09-26 14:08:01,652 - INFO - Imagem inserida: 04.jpg
2025-09-26 14:08:01,661 - INFO - Imagem inserida: 05.jpg
2025-09-26 14:08:01,662 - INFO - Página 'TODOS OS DIREITOS RESERVADOS' movida para o final do documento
2025-09-26 14:08:01,807 - INFO - Documento salvo: C:/Users/alessandro.melo/OneDrive - Stefanini/Ailos/SISTEMA-GERADOR-DE-EVIDENCIAS/Modelo de doc para geracao/RELEASE NOTE - PROJETO AILOS - VERSÃO V00XC001RXXX - 26092025.docx
